[    0.000000] Initializing cgroup subsys cpuset
[    0.000000] Initializing cgroup subsys cpu
[    0.000000] Initializing cgroup subsys cpuacct
[    0.000000] Linux version 4.4.0-210-generic (buildd@lgw01-amd64-009) (gcc version 5.4.0 20160609 (Ubuntu 5.4.0-6ubuntu1~16.04.12) ) #242-Ubuntu SMP Fri Apr 16 09:57:56 UTC 2021 (Ubuntu 4.4.0-210.242-generic 4.4.262)
[    0.000000] Command line: BOOT_IMAGE=/boot/vmlinuz-4.4.0-210-generic root=LABEL=cloudimg-rootfs ro console=tty1 console=ttyS0
[    0.000000] KERNEL supported cpus:
[    0.000000]   Intel GenuineIntel
[    0.000000]   AMD AuthenticAMD
[    0.000000]   Centaur CentaurHauls
[    0.000000] x86/fpu: xstate_offset[2]:  576, xstate_sizes[2]:  256
[    0.000000] x86/fpu: Supporting XSAVE feature 0x01: 'x87 floating point registers'
[    0.000000] x86/fpu: Supporting XSAVE feature 0x02: 'SSE registers'
[    0.000000] x86/fpu: Supporting XSAVE feature 0x04: 'AVX registers'
[    0.000000] x86/fpu: Enabled xstate features 0x7, context size is 832 bytes, using 'standard' format.
[    0.000000] e820: BIOS-provided physical RAM map:
[    0.000000] BIOS-e820: [mem 0x0000000000000000-0x000000000009fbff] usable
[    0.000000] BIOS-e820: [mem 0x000000000009fc00-0x000000000009ffff] reserved
[    0.000000] BIOS-e820: [mem 0x00000000000f0000-0x00000000000fffff] reserved
[    0.000000] BIOS-e820: [mem 0x0000000000100000-0x000000003ffeffff] usable
[    0.000000] BIOS-e820: [mem 0x000000003fff0000-0x000000003fffffff] ACPI data
[    0.000000] BIOS-e820: [mem 0x00000000fec00000-0x00000000fec00fff] reserved
[    0.000000] BIOS-e820: [mem 0x00000000fee00000-0x00000000fee00fff] reserved
[    0.000000] BIOS-e820: [mem 0x00000000fffc0000-0x00000000ffffffff] reserved
[    0.000000] NX (Execute Disable) protection: active
[    0.000000] SMBIOS 2.5 present.
[    0.000000] Hypervisor detected: KVM
[    0.000000] e820: last_pfn = 0x3fff0 max_arch_pfn = 0x400000000
[    0.000000] MTRR: Disabled
[    0.000000] x86/PAT: MTRRs disabled, skipping PAT initialization too.
[    0.000000] CPU MTRRs all blank - virtualized system.
[    0.000000] x86/PAT: Configuration [0-7]: WB  WT  UC- UC  WB  WT  UC- UC  
[    0.000000] found SMP MP-table at [mem 0x0009fff0-0x0009ffff] mapped at [ffff88000009fff0]
[    0.000000] Scanning 1 areas for low memory corruption
[    0.000000] RAMDISK: [mem 0x362dc000-0x37165fff]
[    0.000000] ACPI: Early table checksum verification disabled
[    0.000000] ACPI: RSDP 0x00000000000E0000 000024 (v02 VBOX  )
[    0.000000] ACPI: XSDT 0x000000003FFF0030 00003C (v01 VBOX   VBOXXSDT 00000001 ASL  00000061)
[    0.000000] ACPI: FACP 0x000000003FFF00F0 0000F4 (v04 VBOX   VBOXFACP 00000001 ASL  00000061)
[    0.000000] ACPI: DSDT 0x000000003FFF0470 002325 (v02 VBOX   VBOXBIOS 00000002 INTL 20100528)
[    0.000000] ACPI: FACS 0x000000003FFF0200 000040
[    0.000000] ACPI: FACS 0x000000003FFF0200 000040
[    0.000000] ACPI: APIC 0x000000003FFF0240 00005C (v02 VBOX   VBOXAPIC 00000001 ASL  00000061)
[    0.000000] ACPI: SSDT 0x000000003FFF02A0 0001CC (v01 VBOX   VBOXCPUT 00000002 INTL 20100528)
[    0.000000] No NUMA configuration found
[    0.000000] Faking a node at [mem 0x0000000000000000-0x000000003ffeffff]
[    0.000000] NODE_DATA(0) allocated [mem 0x3ffeb000-0x3ffeffff]
[    0.000000] kvm-clock: Using msrs 4b564d01 and 4b564d00
[    0.000000] kvm-clock: cpu 0, msr 0:3ffe3001, primary cpu clock
[    0.000000] kvm-clock: using sched offset of 3631866102 cycles
[    0.000000] clocksource: kvm-clock: mask: 0xffffffffffffffff max_cycles: 0x1cd42e4dffb, max_idle_ns: 881590591483 ns
[    0.000000] Zone ranges:
[    0.000000]   DMA      [mem 0x0000000000001000-0x0000000000ffffff]
[    0.000000]   DMA32    [mem 0x0000000001000000-0x000000003ffeffff]
[    0.000000]   Normal   empty
[    0.000000]   Device   empty
[    0.000000] Movable zone start for each node
[    0.000000] Early memory node ranges
[    0.000000]   node   0: [mem 0x0000000000001000-0x000000000009efff]
[    0.000000]   node   0: [mem 0x0000000000100000-0x000000003ffeffff]
[    0.000000] Initmem setup node 0 [mem 0x0000000000001000-0x000000003ffeffff]
[    0.000000] ACPI: PM-Timer IO Port: 0x4008
[    0.000000] IOAPIC[0]: apic_id 2, version 32, address 0xfec00000, GSI 0-23
[    0.000000] ACPI: INT_SRC_OVR (bus 0 bus_irq 0 global_irq 2 dfl dfl)
[    0.000000] ACPI: INT_SRC_OVR (bus 0 bus_irq 9 global_irq 9 low level)
[    0.000000] Using ACPI (MADT) for SMP configuration information
[    0.000000] smpboot: Allowing 2 CPUs, 0 hotplug CPUs
[    0.000000] PM: Registered nosave memory: [mem 0x00000000-0x00000fff]
[    0.000000] PM: Registered nosave memory: [mem 0x0009f000-0x0009ffff]
[    0.000000] PM: Registered nosave memory: [mem 0x000a0000-0x000effff]
[    0.000000] PM: Registered nosave memory: [mem 0x000f0000-0x000fffff]
[    0.000000] e820: [mem 0x40000000-0xfebfffff] available for PCI devices
[    0.000000] Booting paravirtualized kernel on KVM
[    0.000000] clocksource: refined-jiffies: mask: 0xffffffff max_cycles: 0xffffffff, max_idle_ns: 7645519600211568 ns
[    0.000000] setup_percpu: NR_CPUS:512 nr_cpumask_bits:512 nr_cpu_ids:2 nr_node_ids:1
[    0.000000] PERCPU: Embedded 33 pages/cpu @ffff88003fc00000 s95192 r8192 d31784 u1048576
[    0.000000] Built 1 zonelists in Node order, mobility grouping on.  Total pages: 257912
[    0.000000] Policy zone: DMA32
[    0.000000] Kernel command line: BOOT_IMAGE=/boot/vmlinuz-4.4.0-210-generic root=LABEL=cloudimg-rootfs ro console=tty1 console=ttyS0
[    0.000000] PID hash table entries: 4096 (order: 3, 32768 bytes)
[    0.000000] Memory: 997792K/1048120K available (8644K kernel code, 1332K rwdata, 4044K rodata, 1492K init, 1164K bss, 50328K reserved, 0K cma-reserved)
[    0.000000] SLUB: HWalign=64, Order=0-3, MinObjects=0, CPUs=2, Nodes=1
[    0.000000] Kernel/User page tables isolation: enabled
[    0.000000] Hierarchical RCU implementation.
[    0.000000] 	Build-time adjustment of leaf fanout to 64.
[    0.000000] 	RCU restricting CPUs from NR_CPUS=512 to nr_cpu_ids=2.
[    0.000000] RCU: Adjusting geometry for rcu_fanout_leaf=64, nr_cpu_ids=2
[    0.000000] NR_IRQS:33024 nr_irqs:440 16
[    0.000000] Console: colour VGA+ 80x25
[    0.000000] console [tty1] enabled
[    0.000000] console [ttyS0] enabled
[    0.000000] tsc: Detected 2592.002 MHz processor
[    0.258157] Calibrating delay loop (skipped) preset value.. 5184.00 BogoMIPS (lpj=10368008)
[    0.260303] pid_max: default: 32768 minimum: 301
[    0.261476] ACPI: Core revision 20150930
[    0.264540] ACPI: 2 ACPI AML tables successfully acquired and loaded
[    0.266146] Security Framework initialized
[    0.267197] Yama: becoming mindful.
[    0.268160] AppArmor: AppArmor initialized
[    0.269255] Dentry cache hash table entries: 131072 (order: 8, 1048576 bytes)
[    0.273737] Inode-cache hash table entries: 65536 (order: 7, 524288 bytes)
[    0.275626] Mount-cache hash table entries: 2048 (order: 2, 16384 bytes)
[    0.277572] Mountpoint-cache hash table entries: 2048 (order: 2, 16384 bytes)
[    0.279655] Initializing cgroup subsys io
[    0.280892] Initializing cgroup subsys memory
[    0.282203] Initializing cgroup subsys devices
[    0.283426] Initializing cgroup subsys freezer
[    0.285204] Initializing cgroup subsys net_cls
[    0.287791] Initializing cgroup subsys perf_event
[    0.289747] Initializing cgroup subsys net_prio
[    0.291377] Initializing cgroup subsys hugetlb
[    0.292878] Initializing cgroup subsys pids
[    0.306307] mce: CPU supports 0 MCE banks
[    0.307395] Last level iTLB entries: 4KB 64, 2MB 8, 4MB 8
[    0.308729] Last level dTLB entries: 4KB 64, 2MB 0, 4MB 0, 1GB 4
[    0.310419] Spectre V1 : Mitigation: usercopy/swapgs barriers and __user pointer sanitization
[    0.312903] Spectre V2 : Mitigation: Full generic retpoline
[    0.314333] Spectre V2 : Spectre v2 / SpectreRSB mitigation: Filling RSB on context switch
[    0.316597] Speculative Store Bypass: Vulnerable
[    0.318012] SRBDS: Unknown: Dependent on hypervisor status
[    0.319584] MDS: Mitigation: Clear CPU buffers
[    0.323633] Freeing SMP alternatives memory: 36K
[    0.330685] ftrace: allocating 32380 entries in 127 pages
[    0.395609] smpboot: APIC(0) Converting physical 0 to logical package 0
[    0.397810] smpboot: Max logical packages: 1
[    0.399697] x2apic enabled
[    0.400961] Switched APIC routing to physical x2apic.
[    0.404204] ..TIMER: vector=0x30 apic1=0 pin1=2 apic2=-1 pin2=-1
[    0.514149] smpboot: CPU0: Intel(R) Core(TM) i7-9750H CPU @ 2.60GHz (family: 0x6, model: 0x9e, stepping: 0xa)
[    0.517442] Performance Events: unsupported p6 CPU model 158 no PMU driver, software events only.
[    0.531617] KVM setup paravirtual spinlock
[    0.533971] x86: Booting SMP configuration:
[    0.535297] .... node  #0, CPUs:      #1
[    0.536671] kvm-clock: cpu 1, msr 0:3ffe3041, secondary cpu clock
[    0.555028] mce: CPU supports 0 MCE banks
[    0.558282] x86: Booted up 1 node, 2 CPUs
[    0.560286] smpboot: Total of 2 processors activated (10368.00 BogoMIPS)
[    0.564606] devtmpfs: initialized
[    0.568915] evm: security.selinux
[    0.570411] evm: security.SMACK64
[    0.571683] evm: security.SMACK64EXEC
[    0.573280] evm: security.SMACK64TRANSMUTE
[    0.575061] evm: security.SMACK64MMAP
[    0.576367] evm: security.ima
[    0.577541] evm: security.capability
[    0.579294] clocksource: jiffies: mask: 0xffffffff max_cycles: 0xffffffff, max_idle_ns: 7645041785100000 ns
[    0.582725] futex hash table entries: 512 (order: 3, 32768 bytes)
[    0.585198] pinctrl core: initialized pinctrl subsystem
[    0.587420] RTC time: 18:04:00, date: 05/23/23
[    0.590178] NET: Registered protocol family 16
[    0.603011] cpuidle: using governor ladder
[    0.615520] cpuidle: using governor menu
[    0.616957] PCCT header not found.
[    0.619579] ACPI: bus type PCI registered
[    0.621149] acpiphp: ACPI Hot Plug PCI Controller Driver version: 0.5
[    0.623521] PCI: Using configuration type 1 for base access
[    0.638840] ACPI: Added _OSI(Module Device)
[    0.640720] ACPI: Added _OSI(Processor Device)
[    0.642910] ACPI: Added _OSI(3.0 _SCP Extensions)
[    0.644586] ACPI: Added _OSI(Processor Aggregator Device)
[    0.647448] ACPI: Executed 1 blocks of module-level executable AML code
[    0.652144] ACPI: Interpreter enabled
[    0.653365] ACPI: (supports S0 S5)
[    0.654552] ACPI: Using IOAPIC for interrupt routing
[    0.656455] PCI: Using host bridge windows from ACPI; if necessary, use "pci=nocrs" and report a bug
[    0.663610] ACPI: PCI Root Bridge [PCI0] (domain 0000 [bus 00-ff])
[    0.665072] acpi PNP0A03:00: _OSC: OS supports [ASPM ClockPM Segments MSI]
[    0.667454] acpi PNP0A03:00: _OSC: not requesting OS control; OS requires [ExtendedConfig ASPM ClockPM MSI]
[    0.670499] acpi PNP0A03:00: fail to add MMCONFIG information, can't access extended PCI configuration space under this bridge.
[    0.674660] PCI host bridge to bus 0000:00
[    0.675849] pci_bus 0000:00: root bus resource [io  0x0000-0x0cf7 window]
[    0.677592] pci_bus 0000:00: root bus resource [io  0x0d00-0xffff window]
[    0.679388] pci_bus 0000:00: root bus resource [mem 0x000a0000-0x000bffff window]
[    0.682018] pci_bus 0000:00: root bus resource [mem 0x40000000-0xfdffffff window]
[    0.684592] pci_bus 0000:00: root bus resource [bus 00-ff]
[    0.688456] pci 0000:00:01.1: legacy IDE quirk: reg 0x10: [io  0x01f0-0x01f7]
[    0.690932] pci 0000:00:01.1: legacy IDE quirk: reg 0x14: [io  0x03f6]
[    0.693521] pci 0000:00:01.1: legacy IDE quirk: reg 0x18: [io  0x0170-0x0177]
[    0.709375] pci 0000:00:01.1: legacy IDE quirk: reg 0x1c: [io  0x0376]
[    0.723698] pci 0000:00:07.0: quirk: [io  0x4000-0x403f] claimed by PIIX4 ACPI
[    0.725648] pci 0000:00:07.0: quirk: [io  0x4100-0x410f] claimed by PIIX4 SMB
[    0.735579] ACPI: PCI Interrupt Link [LNKA] (IRQs 5 9 10 *11)
[    0.738185] ACPI: PCI Interrupt Link [LNKB] (IRQs 5 9 *10 11)
[    0.740492] ACPI: PCI Interrupt Link [LNKC] (IRQs 5 *9 10 11)
[    0.742854] ACPI: PCI Interrupt Link [LNKD] (IRQs 5 9 10 *11)
[    0.745574] ACPI: Enabled 2 GPEs in block 00 to 07
[    0.747572] vgaarb: setting as boot device: PCI:0000:00:02.0
[    0.749185] vgaarb: device added: PCI:0000:00:02.0,decodes=io+mem,owns=io+mem,locks=none
[    0.752232] vgaarb: loaded
[    0.753551] vgaarb: bridge control possible 0000:00:02.0
[    0.756822] SCSI subsystem initialized
[    0.758609] ACPI: bus type USB registered
[    0.760198] usbcore: registered new interface driver usbfs
[    0.761870] usbcore: registered new interface driver hub
[    0.763349] usbcore: registered new device driver usb
[    0.767775] PCI: Using ACPI for IRQ routing
[    0.769200] NetLabel: Initializing
[    0.770323] NetLabel:  domain hash size = 128
[    0.771371] NetLabel:  protocols = UNLABELED CIPSOv4
[    0.772613] NetLabel:  unlabeled traffic allowed by default
[    0.774180] amd_nb: Cannot enumerate AMD northbridges
[    0.775553] clocksource: Switched to clocksource kvm-clock
[    0.786214] AppArmor: AppArmor Filesystem Enabled
[    0.787371] pnp: PnP ACPI init
[    0.789007] pnp: PnP ACPI: found 3 devices
[    0.798502] clocksource: acpi_pm: mask: 0xffffff max_cycles: 0xffffff, max_idle_ns: 2085701024 ns
[    0.801158] NET: Registered protocol family 2
[    0.802509] TCP established hash table entries: 8192 (order: 4, 65536 bytes)
[    0.804319] TCP bind hash table entries: 8192 (order: 5, 131072 bytes)
[    0.806226] TCP: Hash tables configured (established 8192 bind 8192)
[    0.808867] UDP hash table entries: 512 (order: 2, 16384 bytes)
[    0.811321] UDP-Lite hash table entries: 512 (order: 2, 16384 bytes)
[    0.813130] NET: Registered protocol family 1
[    0.814254] pci 0000:00:00.0: Limiting direct PCI/PCI transfers
[    0.815771] pci 0000:00:01.0: Activating ISA DMA hang workarounds
[    0.817376] Unpacking initramfs...
[    1.099065] Freeing initrd memory: 14888K
[    1.100578] clocksource: tsc: mask: 0xffffffffffffffff max_cycles: 0x255cb8d7d74, max_idle_ns: 440795265546 ns
[    1.104635] platform rtc_cmos: registered platform RTC device (no PNP device found)
[    1.107649] Scanning for low memory corruption every 60 seconds
[    1.111249] audit: initializing netlink subsys (disabled)
[    1.113171] audit: type=2000 audit(1684865045.655:1): initialized
[    1.115791] Initialise system trusted keyring
[    1.117552] HugeTLB registered 2 MB page size, pre-allocated 0 pages
[    1.121434] zbud: loaded
[    1.123947] VFS: Disk quotas dquot_6.6.0
[    1.126241] VFS: Dquot-cache hash table entries: 512 (order 0, 4096 bytes)
[    1.129226] squashfs: version 4.0 (2009/01/31) Phillip Lougher
[    1.132054] fuse init (API version 7.23)
[    1.134284] Key type big_key registered
[    1.135797] Allocating IMA MOK and blacklist keyrings.
[    1.139813] Key type asymmetric registered
[    1.141309] Asymmetric key parser 'x509' registered
[    1.143212] Block layer SCSI generic (bsg) driver version 0.4 loaded (major 249)
[    1.146374] io scheduler noop registered
[    1.147816] io scheduler deadline registered (default)
[    1.149752] io scheduler cfq registered
[    1.151255] pci_hotplug: PCI Hot Plug PCI Core version: 0.5
[    1.152865] pciehp: PCI Express Hot Plug Controller Driver version: 0.4
[    1.155014] ACPI: AC Adapter [AC] (on-line)
[    1.156491] input: Power Button as /devices/LNXSYSTM:00/LNXPWRBN:00/input/input0
[    1.158825] ACPI: Power Button [PWRF]
[    1.160179] input: Sleep Button as /devices/LNXSYSTM:00/LNXSLPBN:00/input/input1
[    1.162797] ACPI: Sleep Button [SLPF]
[    1.164350] GHES: HEST is not enabled!
[    1.165149] ACPI: Battery Slot [BAT0] (battery present)
[    1.167204] Serial: 8250/16550 driver, 32 ports, IRQ sharing enabled
[    1.189402] 00:02: ttyS0 at I/O 0x3f8 (irq = 4, base_baud = 115200) is a 16550A
[    1.192462] Linux agpgart interface v0.103
[    1.195883] loop: module loaded
[    1.197675] scsi host0: ata_piix
[    1.199077] scsi host1: ata_piix
[    1.200362] ata1: PATA max UDMA/33 cmd 0x1f0 ctl 0x3f6 bmdma 0xd000 irq 14
[    1.202433] ata2: PATA max UDMA/33 cmd 0x170 ctl 0x376 bmdma 0xd008 irq 15
[    1.204724] libphy: Fixed MDIO Bus: probed
[    1.206208] tun: Universal TUN/TAP device driver, 1.6
[    1.208179] tun: (C) 1999-2004 Max Krasnyansky <maxk@qualcomm.com>
[    1.217136] PPP generic driver version 2.4.2
[    1.218325] ehci_hcd: USB 2.0 'Enhanced' Host Controller (EHCI) Driver
[    1.220117] ehci-pci: EHCI PCI platform driver
[    1.221474] ehci-platform: EHCI generic platform driver
[    1.222927] ohci_hcd: USB 1.1 'Open' Host Controller (OHCI) Driver
[    1.224735] ohci-pci: OHCI PCI platform driver
[    1.225948] ohci-platform: OHCI generic platform driver
[    1.227360] uhci_hcd: USB Universal Host Controller Interface driver
[    1.229212] i8042: PNP: PS/2 Controller [PNP0303:PS2K,PNP0f03:PS2M] at 0x60,0x64 irq 1,12
[    1.233266] serio: i8042 KBD port at 0x60,0x64 irq 1
[    1.235067] serio: i8042 AUX port at 0x60,0x64 irq 12
[    1.236774] mousedev: PS/2 mouse device common for all mice
[    1.238806] rtc_cmos rtc_cmos: rtc core: registered rtc_cmos as rtc0
[    1.240916] rtc_cmos rtc_cmos: alarms up to one day, 114 bytes nvram
[    1.242817] input: AT Translated Set 2 keyboard as /devices/platform/i8042/serio0/input/input2
[    1.245528] i2c /dev entries driver
[    1.246799] device-mapper: uevent: version 1.0.3
[    1.248184] device-mapper: ioctl: 4.34.0-ioctl (2015-10-28) initialised: dm-devel@redhat.com
[    1.250929] ledtrig-cpu: registered to indicate activity on CPUs
[    1.253777] NET: Registered protocol family 10
[    1.255300] NET: Registered protocol family 17
[    1.256741] Key type dns_resolver registered
[    1.258264] registered taskstats version 1
[    1.259586] Loading compiled-in X.509 certificates
[    1.262145] Loaded X.509 cert 'Build time autogenerated kernel key: cf00e047681d67edb2720680708b7d9498083038'
[    1.265629] zswap: loaded using pool lzo/zbud
[    1.269140] Key type trusted registered
[    1.275720] Key type encrypted registered
[    1.277486] AppArmor: AppArmor sha1 policy hashing enabled
[    1.279490] ima: No TPM chip found, activating TPM-bypass!
[    1.281237] ima: Allocated hash algorithm: sha1
[    1.282601] evm: HMAC attrs: 0x1
[    1.284153]   Magic number: 7:146:90
[    1.285385]   hash matches /build/linux-3Zqs18/linux-4.4.0/drivers/base/power/main.c:515
[    1.287879] rtc_cmos rtc_cmos: setting system clock to 2023-05-23 18:04:00 UTC (1684865040)
[    1.290838] BIOS EDD facility v0.16 2004-Jun-25, 0 devices found
[    1.292466] EDD information not available.
[    1.398391] Freeing unused kernel memory: 1492K
[    1.400643] Write protecting the kernel read-only data: 14336k
[    1.404727] Freeing unused kernel memory: 1584K
[    1.407522] Freeing unused kernel memory: 52K
Loading, please wait...
starting version 229
[    1.428241] random: systemd-udevd: uninitialized urandom read (16 bytes read, 3 bits of entropy available)
[    1.429643] random: udevadm: uninitialized urandom read (16 bytes read, 3 bits of entropy available)
[    1.429696] random: udevadm: uninitialized urandom read (16 bytes read, 3 bits of entropy available)
[    1.437617] random: systemd-udevd: uninitialized urandom read (16 bytes read, 3 bits of entropy available)
[    1.441016] random: udevadm: uninitialized urandom read (16 bytes read, 3 bits of entropy available)
[    1.441115] random: udevadm: uninitialized urandom read (16 bytes read, 3 bits of entropy available)
[    1.441336] random: udevadm: uninitialized urandom read (16 bytes read, 3 bits of entropy available)
[    1.441438] random: udevadm: uninitialized urandom read (16 bytes read, 3 bits of entropy available)
[    1.441537] random: udevadm: uninitialized urandom read (16 bytes read, 3 bits of entropy available)
[    1.441639] random: udevadm: uninitialized urandom read (16 bytes read, 3 bits of entropy available)
[    1.533567] e1000: Intel(R) PRO/1000 Network Driver - version 7.3.21-k8-NAPI
[    1.536782] e1000: Copyright (c) 1999-2006 Intel Corporation.
[    1.543369] Fusion MPT base driver 3.04.20
[    1.546538] Copyright (c) 1999-2008 LSI Corporation
[    1.557277] Fusion MPT SPI Host driver 3.04.20
[    1.585350] AVX2 version of gcm_enc/dec engaged.
[    1.587438] AES CTR mode by8 optimization enabled
[    1.783750] input: ImExPS/2 Generic Explorer Mouse as /devices/platform/i8042/serio1/input/input4
[    2.125781] e1000 0000:00:03.0 eth0: (PCI:33MHz:32-bit) 02:be:82:6b:cc:1d
[    2.128571] e1000 0000:00:03.0 eth0: Intel(R) PRO/1000 Network Connection
[    2.131362] mptbase: ioc0: Initiating bringup
[    3.109091] ioc0: LSI53C1030 A0: Capabilities={Initiator}
[    5.344703] scsi host2: ioc0: LSI53C1030 A0, FwRev=00000000h, Ports=1, MaxQ=256, IRQ=20
[    7.104693] scsi 2:0:0:0: Direct-Access     VBOX     HARDDISK         1.0  PQ: 0 ANSI: 5
[    7.110189] scsi target2:0:0: Beginning Domain Validation
[    7.118468] scsi target2:0:0: Domain Validation skipping write tests
[    7.121958] scsi target2:0:0: Ending Domain Validation
[    7.125096] scsi target2:0:0: asynchronous
[    7.129744] scsi 2:0:1:0: Direct-Access     VBOX     HARDDISK         1.0  PQ: 0 ANSI: 5
[    7.135092] scsi target2:0:1: Beginning Domain Validation
[    7.143040] scsi target2:0:1: Domain Validation skipping write tests
[    7.165462] scsi target2:0:1: Ending Domain Validation
[    7.167080] scsi target2:0:1: asynchronous
[    7.184165] sd 2:0:0:0: Attached scsi generic sg0 type 0
[    7.185812] sd 2:0:1:0: Attached scsi generic sg1 type 0
[    7.188794] sd 2:0:0:0: [sda] 83886080 512-byte logical blocks: (42.9 GB/40.0 GiB)
[    7.191155] sd 2:0:1:0: [sdb] 20480 512-byte logical blocks: (10.5 MB/10.0 MiB)
[    7.193956] sd 2:0:1:0: [sdb] Write Protect is off
[    7.195402] sd 2:0:0:0: [sda] Write Protect is off
[    7.197178] sd 2:0:1:0: [sdb] Incomplete mode parameter data
[    7.198993] sd 2:0:1:0: [sdb] Assuming drive cache: write through
[    7.200929] sd 2:0:0:0: [sda] Incomplete mode parameter data
[    7.202661] sd 2:0:0:0: [sda] Assuming drive cache: write through
[    7.209809]  sda: sda1
[    7.212757] sd 2:0:0:0: [sda] Attached SCSI disk
[    7.214392] sd 2:0:1:0: [sdb] Attached SCSI disk
[    7.509126] e1000 0000:00:08.0 eth1: (PCI:33MHz:32-bit) 08:00:27:69:28:81
[    7.511063] e1000 0000:00:08.0 eth1: Intel(R) PRO/1000 Network Connection
[    7.514882] e1000 0000:00:03.0 enp0s3: renamed from eth0
[    7.528875] e1000 0000:00:08.0 enp0s8: renamed from eth1
Begin: Loading essential drivers ... [    9.055243] md: linear personality registered for level -1
[    9.059272] md: multipath personality registered for level -4
[    9.064333] md: raid0 personality registered for level 0
[    9.069790] md: raid1 personality registered for level 1
[    9.143740] raid6: sse2x1   gen() 11155 MB/s
[    9.211665] raid6: sse2x1   xor()  9967 MB/s
[    9.279715] raid6: sse2x2   gen() 13259 MB/s
[    9.347654] raid6: sse2x2   xor()  8420 MB/s
[    9.415655] raid6: sse2x4   gen() 13709 MB/s
[    9.483657] raid6: sse2x4   xor()  9060 MB/s
[    9.551667] raid6: avx2x1   gen() 19700 MB/s
[    9.619665] raid6: avx2x2   gen() 25724 MB/s
[    9.687657] raid6: avx2x4   gen() 24568 MB/s
[    9.689241] raid6: using algorithm avx2x2 gen() 25724 MB/s
[    9.691122] raid6: using avx2x2 recovery algorithm
[    9.694199] xor: automatically using best checksumming function:
[    9.735612]    avx       : 25649.000 MB/sec
[    9.738491] async_tx: api initialized (async)
[    9.748864] md: raid6 personality registered for level 6
[    9.750257] md: raid5 personality registered for level 5
[    9.751469] md: raid4 personality registered for level 4
[    9.757885] md: raid10 personality registered for level 10
done.
Begin: Running /scripts/init-premount ... done.
Begin: Mounting root file system ... Begin: Running /scripts/local-top ... done.
Begin: Running /scripts/local-premount ... [    9.786805] Btrfs loaded
Scanning for Btrfs filesystems
done.
Warning: fsck not present, so skipping root file system
[    9.817986] EXT4-fs (sda1): mounted filesystem with ordered data mode. Opts: (null)
done.
Begin: Running /scripts/local-bottom ... done.
Begin: Running /scripts/init-bottom ... done.
[    9.898643] systemd[1]: systemd 229 running in system mode. (+PAM +AUDIT +SELINUX +IMA +APPARMOR +SMACK +SYSVINIT +UTMP +LIBCRYPTSETUP +GCRYPT +GNUTLS +ACL +XZ -LZ4 +SECCOMP +BLKID +ELFUTILS +KMOD -IDN)
[    9.902826] systemd[1]: Detected virtualization oracle.
[    9.904014] systemd[1]: Detected architecture x86-64.

Welcome to [1mUbuntu 16.04.7 LTS[0m!

[    9.907322] systemd[1]: Set hostname to <ubuntu>.
[    9.910386] systemd[1]: Initializing machine ID from random generator.
[    9.911868] systemd[1]: Installed transient /etc/machine-id file.
[   10.033199] systemd[1]: Created slice System Slice.
[[0;32m  OK  [0m] Created slice System Slice.
[   10.035456] systemd[1]: Listening on fsck to fsckd communication Socket.
[[0;32m  OK  [0m] Listening on fsck to fsckd communication Socket.
[   10.038902] systemd[1]: Listening on udev Kernel Socket.
[[0;32m  OK  [0m] Listening on udev Kernel Socket.
[   10.041764] systemd[1]: Listening on Syslog Socket.
[[0;32m  OK  [0m] Listening on Syslog Socket.
[   10.045666] systemd[1]: Listening on Journal Socket (/dev/log).
[[0;32m  OK  [0m] Listening on Journal Socket (/dev/log).
[   10.056568] systemd[1]: Created slice User and Session Slice.
[[0;32m  OK  [0m] Created slice User and Session Slice.
[   10.063992] systemd[1]: Set up automount Arbitrary Executable File Formats File System Automount Point.
[[0;32m  OK  [0m] Set up automount Arbitrary Executab...ats File System Automount Point.
[   10.075948] systemd[1]: Listening on Device-mapper event daemon FIFOs.
[[0;32m  OK  [0m] Listening on Device-mapper event daemon FIFOs.
[   10.078337] systemd[1]: Listening on LVM2 metadata daemon socket.
[[0;32m  OK  [0m] Listening on LVM2 metadata daemon socket.
[   10.088876] systemd[1]: Created slice system-serial\x2dgetty.slice.
[[0;32m  OK  [0m] Created slice system-serial\x2dgetty.slice.
[   10.091131] systemd[1]: Started Forward Password Requests to Wall Directory Watch.
[[0;32m  OK  [0m] Started Forward Password Requests to Wall Directory Watch.
[   10.093843] systemd[1]: Reached target Encrypted Volumes.
[[0;32m  OK  [0m] Reached target Encrypted Volumes.
[   10.095860] systemd[1]: Listening on /dev/initctl Compatibility Named Pipe.
[[0;32m  OK  [0m] Listening on /dev/initctl Compatibility Named Pipe.
[   10.098112] systemd[1]: Reached target User and Group Name Lookups.
[[0;32m  OK  [0m] Reached target User and Group Name Lookups.
[   10.100327] systemd[1]: Listening on udev Control Socket.
[[0;32m  OK  [0m] Listening on udev Control Socket.
[   10.108095] systemd[1]: Reached target Swap.
[[0;32m  OK  [0m] Reached target Swap.
[   10.115790] systemd[1]: Started Trigger resolvconf update for networkd DNS.
[[0;32m  OK  [0m] Started Trigger resolvconf update for networkd DNS.
[   10.118182] systemd[1]: Listening on LVM2 poll daemon socket.
[[0;32m  OK  [0m] Listening on LVM2 poll daemon socket.
[   10.120207] systemd[1]: Reached target Slices.
[[0;32m  OK  [0m] Reached target Slices.
[   10.121761] systemd[1]: Listening on Journal Audit Socket.
[[0;32m  OK  [0m] Listening on Journal Audit Socket.
[   10.128672] systemd[1]: Listening on Journal Socket.
[[0;32m  OK  [0m] Listening on Journal Socket.
[   10.143749] systemd[1]: Mounting POSIX Message Queue File System...
         Mounting POSIX Message Queue File System...
[   10.153070] systemd[1]: Starting Nameserver information manager...
         Starting Nameserver information manager...
[   10.156118] systemd[1]: Mounting Debug File System...
         Mounting Debug File System...
[   10.164871] systemd[1]: Starting Journal Service...
         Starting Journal Service...
[   10.168820] systemd[1]: Starting Load Kernel Modules...
         Starting Load Kernel Modules...
[   10.177743] systemd[1]: Starting Create list of required static device nodes for the current kernel...
         Starting Create list of required st... nodes for the current kernel...
[   10.185818] systemd[1]: Starting Monitoring of LVM2 mirrors, snapshots etc. using dmeventd or progress polling...
         Starting Monitoring of LVM2 mirrors... dmeventd or progress polling...
[   10.197054] Loading iSCSI transport class v2.0-870.
[   10.199739] systemd[1]: Starting Set console keymap...
         Starting Set console keymap...
[   10.203901] systemd[1]: Mounting Huge Pages File System...
         Mounting Huge Pages File System...
[   10.207899] systemd[1]: Starting File System Check on Root Device...
         Starting File System Check on Root Device...
[   10.217901] systemd[1]: Starting Uncomplicated firewall...
         Starting Uncomplicated firewall...
[   10.220733] systemd[1]: Reached target System Time Synchronized.
[[0;32m  OK  [0m] Reached target System Time Synchronized.
[   10.226010] systemd[1]: Mounted Huge Pages File System.
[[0;32m  OK  [0m] Mounted Huge Pages File System.
[   10.230717] iscsi: registered transport (tcp)
[   10.235941] systemd[1]: Mounted POSIX Message Queue File System.
[[0;32m  OK  [0m] Mounted POSIX Message Queue File System.
[   10.243753] systemd[1]: Mounted Debug File System.
[[0;32m  OK  [0m] Mounted Debug File System.
[   10.251757] systemd[1]: Started Journal Service.
[[0;32m  OK  [0m] Started Journal Service.
[   10.256583] iscsi: registered transport (iser)
[[0;32m  OK  [0m] Started Load Kernel Modules.
[[0;32m  OK  [0m] Started Create list of required sta...ce nodes for the current kernel.
[[0;32m  OK  [0m] Started File System Check on Root Device.
[[0;32m  OK  [0m] Started Set console keymap.
[[0;32m  OK  [0m] Started Uncomplicated firewall.
[[0;32m  OK  [0m] Started Nameserver information manager.
[[0;32m  OK  [0m] Started LVM2 metadata daemon.
[[0;32m  OK  [0m] Started File System Check Daemon to report status.
         Starting Remount Root and Kernel File Systems...
[   10.318655] EXT4-fs (sda1): re-mounted. Opts: (null)
         Starting Create Static Device Nodes in /dev...
         Mounting FUSE Control File System...
         Starting Apply Kernel Variables...
[[0;32m  OK  [0m] Mounted FUSE Control File System.
[[0;32m  OK  [0m] Started Remount Root and Kernel File Systems.
[[0;32m  OK  [0m] Started Create Static Device Nodes in /dev.
[[0;32m  OK  [0m] Started Apply Kernel Variables.
         Starting udev Kernel Device Manager...
         Starting Flush Journal to Persistent Storage...
         Starting udev Coldplug all Devices...
         Starting Load/Save Random Seed...
[[0;32m  OK  [0m] Started Flush Journal to Persistent Storage.
[[0;32m  OK  [0m] Started Load/Save Random Seed.
[[0;32m  OK  [0m] Started udev Kernel Device Manager.
[[0;32m  OK  [0m] Started udev Coldplug all Devices.
[[0;32m  OK  [0m] Started Dispatch Password Requests to Console Directory Watch.
[[0;32m  OK  [0m] Started Monitoring of LVM2 mirrors,...ng dmeventd or progress polling.
[[0;32m  OK  [0m] Reached target Local File Systems (Pre).
[[0;32m  OK  [0m] Reached target Local File Systems.
         Starting LSB: AppArmor initialization...
         Starting Commit a transient machine-id on disk...
         Starting Set console font and keymap...
         Starting Initial cloud-init job (pre-networking)...
         Starting Create Volatile Files and Directories...
         Starting Tell Plymouth To Write Out Runtime Data...
[[0;32m  OK  [0m] Found device /dev/ttyS0.
[[0;32m  OK  [0m] Started Create Volatile Files and Directories.
         Starting Update UTMP about System Boot/Shutdown...
[[0;32m  OK  [0m] Started Tell Plymouth To Write Out Runtime Data.
[[0;32m  OK  [0m] Started Commit a transient machine-id on disk.
[[0;32m  OK  [0m] Started Update UTMP about System Boot/Shutdown.
[[0;32m  OK  [0m] Listening on Load/Save RF Kill Switch Status /dev/rfkill Watch.
[   11.692996] cloud-init[529]: Cloud-init v. 21.1-19-gbad84ad4-0ubuntu1~16.04.2 running 'init-local' at Tue, 23 May 2023 18:04:10 +0000. Up 11.26 seconds.
[[0;32m  OK  [0m] Started Initial cloud-init job (pre-networking).
[[0;32m  OK  [0m] Reached target Network (Pre).
[[0;32m  OK  [0m] Started Set console font and keymap.
[[0;32m  OK  [0m] Created slice system-getty.slice.
[[0;32m  OK  [0m] Started LSB: AppArmor initialization.
         Starting Raise network interfaces...
         Starting Load AppArmor profiles managed internally by snapd...
[[0;32m  OK  [0m] Started Load AppArmor profiles managed internally by snapd.
[[0;32m  OK  [0m] Started Raise network interfaces.
         Starting Initial cloud-init job (metadata service crawler)...
[[0;32m  OK  [0m] Reached target Network.
[   14.236262] cloud-init[958]: Cloud-init v. 21.1-19-gbad84ad4-0ubuntu1~16.04.2 running 'init' at Tue, 23 May 2023 18:04:13 +0000. Up 13.53 seconds.
[   14.244698] cloud-init[958]: ci-info: ++++++++++++++++++++++++++++++++++++++Net device info+++++++++++++++++++++++++++++++++++++++
[   14.264720] cloud-init[958]: ci-info: +--------+-------+----------------------------+---------------+--------+-------------------+
[   14.267626] cloud-init[958]: ci-info: | Device |   Up  |          Address           |      Mask     | Scope  |     Hw-Address    |
[   14.269918] cloud-init[958]: ci-info: +--------+-------+----------------------------+---------------+--------+-------------------+
[   14.272880] cloud-init[958]: ci-info: | enp0s3 |  True |         10.0.2.15          | 255.255.255.0 | global | 02:be:82:6b:cc:1d |
[   14.275445] cloud-init[958]: ci-info: | enp0s3 |  True | fe80::be:82ff:fe6b:cc1d/64 |       .       |  link  | 02:be:82:6b:cc:1d |
[   14.278531] cloud-init[958]: ci-info: | enp0s8 | False |             .              |       .       |   .    | 08:00:27:69:28:81 |
[   14.281752] cloud-init[958]: ci-info: |   lo   |  True |         127.0.0.1          |   255.0.0.0   |  host  |         .         |
[   14.284552] cloud-init[958]: ci-info: |   lo   |  True |          ::1/128           |       .       |  host  |         .         |
[   14.286961] cloud-init[958]: ci-info: +--------+-------+----------------------------+---------------+--------+-------------------+
[   14.290014] cloud-init[958]: ci-info: +++++++++++++++++++++++++++Route IPv4 info++++++++++++++++++++++++++++
[   14.292615] cloud-init[958]: ci-info: +-------+-------------+----------+---------------+-----------+-------+
[   14.304352] [[0;32m  OK  [0m] Started Initial cloud-init job (metadata service crawler).
[[0;32m  OK  [0m] Reached target Network is Online.
cloud-init[958]: ci-info: | Route | Destination | Gateway  |    Genmask    | Interface | Flags |
[   14.308324] cloud-init[958]: ci-info: +-------+-------------+----------+---------------+-----------+-------+
[   14.310267] cloud-init[958]: ci-info: |   0   |   0.0.0.0   | 10.0.2.2 |    0.0.0.0    |   enp0s3  |   UG  |
[   14.312472] cloud-init[958]: ci-info: |   1   |   10.0.2.0  | 0.0.0.0  | 255.255.255.0 |   enp0s3  |   U   |
[   14.314960] cloud-init[958]: ci-info: +-------+-------------+----------+---------------+-----------+-------+
[   14.317182] cloud-init[958]: ci-info: +++++++++++++++++++Route IPv6 info+++++++++++++++++++
[   14.319366] cloud-init[958]: ci-info: +-------+-------------+---------+-----------+-------+
         Starting iSCSI initiator daemon (iscsid)...
[   14.321955] [[0;32m  OK  [0m] Reached target Cloud-config availability.
[[0;32m  OK  [0m] Reached target System Initialization.
cloud-init[958]: ci-info: | Route | Destination | Gateway | Interface | Flags |
[   14.326979]          Starting LXD - unix socket.
[[0;32m  OK  [0m] Started Message of the Day.
[[0;32m  OK  [0m] Started Daily Cleanup of Temporary Directories.
[[0;32m  OK  [0m] Started Ubuntu Advantage update messaging.
[[0;32m  OK  [0m] Listening on D-Bus System Message Bus Socket.
[[0;32m  OK  [0m] Started Daily apt download activities.
[[0;32m  OK  [0m] Started Daily apt upgrade and clean activities.
[[0;32m  OK  [0m] Reached target Timers.
cloud-init[958]: ci-info: +-------+-------------+---------+-----------+-------+
[   14.337295] [[0;32m  OK  [0m] Started ACPI Events Check.
[[0;32m  OK  [0m] Reached target Paths.
[[0;32m  OK  [0m] Listening on ACPID Listen Socket.
         Starting Socket activation for snappy daemon.
[[0;32m  OK  [0m] Listening on UUID daemon activation socket.
cloud-init[[0;32m  OK  [0m] Listening on LXD - unix socket.
[[0;32m  OK  [0m] Listening on Socket activation for snappy daemon.
[[0;32m  OK  [0m] Reached target Sockets.
[958]: ci-info: |   0   |  fe80::/64  |    ::   |   enp0s3  |   U   |
[[0;32m  OK  [0m] Reached target Basic System.
[   14.348553] cloud-init[958]: ci-info: |   3   |   ff00::/8  |    ::   |   enp0s3  |   U   |
         Starting Accounts Service...
[   14.352150] cloud-init[958]: ci-info: +-------+-------------+---------+-----------+-------+
[[0;32m  OK  [0m] Started FUSE filesystem for LXC.
[   14.354719] cloud-init[958]:          Starting /etc/rc.local Compatibility...
Generating public/private rsa key pair.         Starting LSB: Record successful boot for GRUB...

         Starting System Logging Service...
[   14.367952] cloud-init[958]: Your identification has been saved in /etc/ssh/ssh_host_rsa_key.
[   14.373031] cloud-init[958]: Your public key has been saved in /etc/ssh/ssh_host_rsa_key.pub.
[   14.378779]          Starting Login Service...
cloud-init[[0;32m  OK  [0m] Started ACPI event daemon.
         Starting LSB: MD monitoring daemon...
[958]: The key fingerprint is:[[0;32m  OK  [0m] Started Deferred execution scheduler.

         Starting Virtualbox guest utils...
[   14.390552]          Starting LXD - container startup/shutdown...
[[0;32m  OK  [0m] Started D-Bus System Message Bus.
cloud-init[958]: SHA256:szkmM75gdWuMpTXzqwN0TXntuAPPn1TbtWMtaT3mu7c root@ubuntu-xenial
[   14.410372] cloud-init[958]: The key's randomart image is:
[   14.414797] cloud-init[958]: +---[RSA 2048]----+
[   14.424512] cloud-init[958]: |           . .   |
[   14.426241] cloud-init[958]: |          o . .  |
[   14.429663] cloud-init[958]: |         o . o   |
[   14.431751] cloud-init[958]: |      . . o . . o|
[   14.433801] cloud-init[958]: |     ...S  + . +*|
[   14.436497] cloud-init[958]: |     ..B O  = =B+|
[   14.438444] cloud-init[958]: |    o *.O .  =+oo|
[   14.441215] cloud-init[958]: |   . o *.. .  o..|
[   14.448479] cloud-init[958]: |      o..o.    E=|
[   14.451238] cloud-init[958]: +----[SHA256]-----+
[   14.461156] cloud-init[958]: Generating public/private dsa key pair.
         Starting Snap Daemon...
[   14.463851] cloud-init         Starting Pollinate to seed the pseudo random number generator...
[958]: Your identification has been saved in /etc/ssh/ssh_host_dsa_key.[[0;32m  OK  [0m] Started Regular background program processing daemon.
[[0;32m  OK  [0m] Started System Logging Service.
[[0;32m  OK  [0m] Started iSCSI initiator daemon (iscsid).
[[0;32m  OK  [0m] Started /etc/rc.local Compatibility.

[   14.493239] cloud-init[958]: Your public key has been saved in /etc/ssh/ssh_host_dsa_key.pub.[[0;32m  OK  [0m] Started Login Service.

[   14.521178] cloud-init[958]: The key fingerprint is:
[   14.523338] cloud-init[958]: SHA256:A9TLOhSBLc2egQnEuMtFGFum1imKokSrpTP/jdUWUzk root@ubuntu-xenial
[   14.525939] cloud-init[958]: The key's randomart image is:
[   14.527882] cloud-init[958]: +---[DSA 1024]----+
[   14.533717] cloud-init[958]: | ==+ Boo         |
[   14.535484]          Starting Authenticate and Authorize Users to Run Privileged Tasks...
cloud-init[958]: [[0;32m  OK  [0m] Started Unattended Upgrades Shutdown.
         Starting Login to default iSCSI targets...
|..B.*.* .  .     |
[   14.545832] cloud-init[958]: | B.o o.= .E      |
[   14.548051] cloud-init[958]: |* o.  +.o. .     |
[   14.549850] cloud-init[958]: |=+o  . .S        |
[   14.552807] cloud-init[958]: |*+    o. +       |
[   14.554382] cloud-init[958]: |*     ..o        |
[   14.562330] cloud-init[958]: | +   + .         |
[   14.565097] cloud-init[958]: |  ..o .          |
[   14.572370] cloud-init[958]: +----[SHA256]-----+
[   14.574057] cloud-init[958]: Generating public/private ecdsa key pair.
[   14.579209] cloud-init[958]: [[0;32m  OK  [0m] Started Login to default iSCSI targets.
[[0;32m  OK  [0m] Reached target Remote File Systems (Pre).
[[0;32m  OK  [0m] Reached target Remote File Systems.
Your identification has been saved in /etc/ssh/ssh_host_ecdsa_key.         Starting Permit User Sessions...
         Starting LSB: automatic crash report generation...
         Starting LSB: Set the CPU Frequency Scaling governor to "ondemand"...
         Starting LSB: daemon to balance interrupts for SMP systems...

[   14.600665] [[0;32m  OK  [0m] Started Permit User Sessions.
[[0;32m  OK  [0m] Started LXD - container startup/shutdown.
cloud-init[958]: Your public key has been saved in /etc/ssh/ssh_host_ecdsa_key.pub.         Starting Terminate Plymouth Boot Screen...
         Starting Hold until boot process finishes up...
[[0;32m  OK  [0m] Started Hold until boot process finishes up.
[[0;32m  OK  [0m] Started Serial Getty on ttyS0.

[   14.615152] cloud-init         Starting Set console scheme...
[[0;32m  OK  [0m] Started Getty on tty1.
[[0;32m  OK  [0m] Reached target Login Prompts.
[958]: The key fingerprint is:
[[0;32m  OK  [0m] Started LSB: MD monitoring daemon.
[   14.634494] cloud-init[[0;32m  OK  [0m] Started Terminate Plymouth Boot Screen.
[958]: SHA256:2g0Y8/XFCO2Cbw6gJcE6Wp4qU483CJBCfTFLmDfWYjE root@ubuntu-xenial
[   14.640837] cloud-init[958]: The key's randomart image is:
[   14.643542] cloud-init[958]: +---[ECDSA 256]---+
[[0;32m  OK  [0m] Started Set console scheme.
[   14.649176] cloud-init[958]: |  ..oE+   ..     |
[   14.650334] cloud-init[958]: | . ++B+.   ..o   |
[   14.651340] cloud-init[958]: |.. .=o=  .... o  |
[   14.660344] cloud-init[958]: |+ + . o=......   |
[   14.660681] cloud-init[958]: |o+ o +..S. ..    |
[   14.661000] cloud-init[958]: |o + .  o.oo      |
[   14.661343] cloud-init[958]: | + +  . .+.      |
[   14.661954] cloud-init[958]: |+ o +     .      |
[   14.662300] cloud-init[958]: |.. . .           |
[   14.662899] cloud-init[958]: +----[SHA256]-----+
[   14.663447] cloud-init[958]: Generating public/private ed25519 key pair.
[   14.665127] cloud-init[958]: Your identification has been saved in /etc/ssh/ssh_host_ed25519_key.
[   14.666195] cloud-init[958]: Your public key has been saved in /etc/ssh/ssh_host_ed25519_key.pub.
[   14.666837] cloud-init[958]: The key fingerprint is:
[   14.667228] cloud-init[958]: SHA256:KHYabDMlQelua9L8Ea8vyH0FJwoX8uxycbAnv+wm4iQ root@ubuntu-xenial
[   14.667872] cloud-init[958]: The key's randomart image is:
[   14.668085] cloud-init[958]: +--[ED25519 256]--+
[   14.668652] cloud-init[958]: |   .o.           |
[   14.669081] cloud-init[958]: |    o.o          |
[   14.670042] cloud-init[958]: |   ..+.+         |
[   14.671101] cloud-init[958]: |   .ooB.= .      |
[   14.672043] cloud-init[958]: |   .O++BS+       |
[   14.672889] cloud-init[958]: |   o+B+o. .      |
[   14.673436] cloud-init[958]: |  E=o*...o       |
[   14.673787] cloud-init[958]: |  .oO +o=        |
[   14.674167] cloud-init[958]: |   +.ooBo        |
[   14.674589] cloud-init[958]: +----[SHA256]-----+
[[0;32m  OK  [0m] Started LSB: Record successful boot for GRUB.
[[0;32m  OK  [0m] Started Authenticate and Authorize Users to Run Privileged Tasks.
[[0;32m  OK  [0m] Started Accounts Service.
[[0;32m  OK  [0m] Started LSB: automatic crash report generation.
[[0;32m  OK  [0m] Started LSB: Set the CPU Frequency Scaling governor to "ondemand".
[[0;32m  OK  [0m] Started LSB: daemon to balance interrupts for SMP systems.
[[0;32m  OK  [0m] Started Virtualbox guest utils.
[[0;32m  OK  [0m] Started Snap Daemon.
         Starting Wait until snapd is fully seeded...
[[0;32m  OK  [0m] Started Wait until snapd is fully seeded.
         Starting Apply the settings specified in cloud-config...
[   16.697620] cloud-init[1285]: Generating locales (this might take a while)...
[   18.101067] cloud-init[1285]:   en_US.UTF-8... done
[   18.103126] cloud-init[1285]: Generation complete.
[   18.437648] cloud-init[1285]: Cloud-init v. 21.1-19-gbad84ad4-0ubuntu1~16.04.2 running 'modules:config' at Tue, 23 May 2023 18:04:16 +0000. Up 16.51 seconds.
[[0;32m  OK  [0m] Started Apply the settings specified in cloud-config.
[[0;32m  OK  [0m] Started Pollinate to seed the pseudo random number generator.
         Starting OpenBSD Secure Shell server...
[[0;32m  OK  [0m] Started OpenBSD Secure Shell server.
[[0;32m  OK  [0m] Reached target Multi-User System.
[[0;32m  OK  [0m] Reached target Graphical Interface.
         Starting Execute cloud user/final scripts...
         Starting Update UTMP about System Runlevel Changes...
[[0;32m  OK  [0m] Started Update UTMP about System Runlevel Changes.
[[0;32m  OK  [0m] Created slice User Slice of vagrant.
         Starting User Manager for UID 1000...
[[0;32m  OK  [0m] Started Session 1 of user vagrant.
[[0;32m  OK  [0m] Started User Manager for UID 1000.
ci-info: no authorized SSH keys fingerprints found for user ubuntu.
<14>May 23 18:04:19 ec2: 
<14>May 23 18:04:19 ec2: #############################################################
<14>May 23 18:04:19 ec2: -----BEGIN SSH HOST KEY FINGERPRINTS-----
<14>May 23 18:04:19 ec2: 1024 SHA256:A9TLOhSBLc2egQnEuMtFGFum1imKokSrpTP/jdUWUzk root@ubuntu-xenial (DSA)
<14>May 23 18:04:19 ec2: 256 SHA256:2g0Y8/XFCO2Cbw6gJcE6Wp4qU483CJBCfTFLmDfWYjE root@ubuntu-xenial (ECDSA)
<14>May 23 18:04:19 ec2: 256 SHA256:KHYabDMlQelua9L8Ea8vyH0FJwoX8uxycbAnv+wm4iQ root@ubuntu-xenial (ED25519)
<14>May 23 18:04:19 ec2: 2048 SHA256:szkmM75gdWuMpTXzqwN0TXntuAPPn1TbtWMtaT3mu7c root@ubuntu-xenial (RSA)
<14>May 23 18:04:19 ec2: -----END SSH HOST KEY FINGERPRINTS-----
<14>May 23 18:04:19 ec2: #############################################################
-----BEGIN SSH HOST KEY KEYS-----
ecdsa-sha2-nistp256 AAAAE2VjZHNhLXNoYTItbmlzdHAyNTYAAAAIbmlzdHAyNTYAAABBBKdIbbfSA7XspEe9s4xOT8H/VPBMqVVCwV2DpbY4yAaD2yCp7U+dN3K7pmoWjATR+NEVzISrzKYTzCLIODKj9Eo= root@ubuntu-xenial
ssh-ed25519 AAAAC3NzaC1lZDI1NTE5AAAAIApEuGPKceG8NHrL7IITWCX0oyBIKWf2irIU3DRGCT9M root@ubuntu-xenial
ssh-rsa AAAAB3NzaC1yc2EAAAADAQABAAABAQCgwfd3GXZpOU18puboIzAuyJswMvFnWVU+MVl5qeiFQ7yJY+dy/w55JQ4zCrcXTxzRawPzM9+NiFtmGKaRVbz4ZXJ5NIMCLylXwx3JNH1VoTl6Gkv/3SFAHo6i9gMC85+XeHGf8toHBVWGVjY/yPS8BCGsLP+p/AicPBEuFQumt1VBOd187O3djF3boqpR93ZmsWJWoE8LDDtPuAecp6egO6OvGQxavlYLdKIkQ4e/wTKZfvDO8kDvACNDGMMWpMNGURSmErK9c5GbphS919uxOMG7iZxyfQPUh9Sxe55MSlG6TI8p5P28Hu7SGIx2GJUYIqu2fUVSpLFHjmF+zXnF root@ubuntu-xenial
-----END SSH HOST KEY KEYS-----
[   19.932425] cloud-init[1345]: Cloud-init v. 21.1-19-gbad84ad4-0ubuntu1~16.04.2 running 'modules:final' at Tue, 23 May 2023 18:04:19 +0000. Up 19.69 seconds.
[   19.932635] cloud-init[1345]: ci-info: no authorized SSH keys fingerprints found for user ubuntu.
[   19.932851] cloud-init[1345]: Cloud-init v. 21.1-19-gbad84ad4-0ubuntu1~16.04.2 finished at Tue, 23 May 2023 18:04:19 +0000. Datasource DataSourceNoCloud [seed=/dev/sdb][dsmode=net].  Up 19.91 seconds

Ubuntu 16.04.7 LTS ubuntu-xenial ttyS0

ubuntu-xenial login: 