[    0.000000] Linux version 4.15.0-210-generic (buildd@lcy02-amd64-056) (gcc version 7.5.0 (Ubuntu 7.5.0-3ubuntu1~18.04)) #221-Ubuntu SMP Tue Apr 18 08:32:52 UTC 2023 (Ubuntu 4.15.0-210.221-generic 4.15.18)
[    0.000000] Command line: BOOT_IMAGE=/boot/vmlinuz-4.15.0-210-generic root=LABEL=cloudimg-rootfs ro console=tty1 console=ttyS0
[    0.000000] KERNEL supported cpus:
[    0.000000]   Intel GenuineIntel
[    0.000000]   AMD AuthenticAMD
[    0.000000]   Centaur CentaurHauls
[    0.000000] x86/fpu: Supporting XSAVE feature 0x001: 'x87 floating point registers'
[    0.000000] x86/fpu: Supporting XSAVE feature 0x002: 'SSE registers'
[    0.000000] x86/fpu: Supporting XSAVE feature 0x004: 'AVX registers'
[    0.000000] x86/fpu: xstate_offset[2]:  576, xstate_sizes[2]:  256
[    0.000000] x86/fpu: Enabled xstate features 0x7, context size is 832 bytes, using 'standard' format.
[    0.000000] e820: BIOS-provided physical RAM map:
[    0.000000] BIOS-e820: [mem 0x0000000000000000-0x000000000009fbff] usable
[    0.000000] BIOS-e820: [mem 0x000000000009fc00-0x000000000009ffff] reserved
[    0.000000] BIOS-e820: [mem 0x00000000000f0000-0x00000000000fffff] reserved
[    0.000000] BIOS-e820: [mem 0x0000000000100000-0x000000003ffeffff] usable
[    0.000000] BIOS-e820: [mem 0x000000003fff0000-0x000000003fffffff] ACPI data
[    0.000000] BIOS-e820: [mem 0x00000000fec00000-0x00000000fec00fff] reserved
[    0.000000] BIOS-e820: [mem 0x00000000fee00000-0x00000000fee00fff] reserved
[    0.000000] BIOS-e820: [mem 0x00000000fffc0000-0x00000000ffffffff] reserved
[    0.000000] NX (Execute Disable) protection: active
[    0.000000] SMBIOS 2.5 present.
[    0.000000] DMI: innotek GmbH VirtualBox/VirtualBox, BIOS VirtualBox 12/01/2006
[    0.000000] Hypervisor detected: KVM
[    0.000000] e820: last_pfn = 0x3fff0 max_arch_pfn = 0x400000000
[    0.000000] MTRR: Disabled
[    0.000000] x86/PAT: MTRRs disabled, skipping PAT initialization too.
[    0.000000] CPU MTRRs all blank - virtualized system.
[    0.000000] x86/PAT: Configuration [0-7]: WB  WT  UC- UC  WB  WT  UC- UC  
[    0.000000] found SMP MP-table at [mem 0x0009fff0-0x0009ffff]
[    0.000000] Scanning 1 areas for low memory corruption
[    0.000000] RAMDISK: [mem 0x359c9000-0x36cdbfff]
[    0.000000] ACPI: Early table checksum verification disabled
[    0.000000] ACPI: RSDP 0x00000000000E0000 000024 (v02 VBOX  )
[    0.000000] ACPI: XSDT 0x000000003FFF0030 00003C (v01 VBOX   VBOXXSDT 00000001 ASL  00000061)
[    0.000000] ACPI: FACP 0x000000003FFF00F0 0000F4 (v04 VBOX   VBOXFACP 00000001 ASL  00000061)
[    0.000000] ACPI: DSDT 0x000000003FFF0470 002325 (v02 VBOX   VBOXBIOS 00000002 INTL 20100528)
[    0.000000] ACPI: FACS 0x000000003FFF0200 000040
[    0.000000] ACPI: FACS 0x000000003FFF0200 000040
[    0.000000] ACPI: APIC 0x000000003FFF0240 00005C (v02 VBOX   VBOXAPIC 00000001 ASL  00000061)
[    0.000000] ACPI: SSDT 0x000000003FFF02A0 0001CC (v01 VBOX   VBOXCPUT 00000002 INTL 20100528)
[    0.000000] ACPI: Reserving FACP table memory at [mem 0x3fff00f0-0x3fff01e3]
[    0.000000] ACPI: Reserving DSDT table memory at [mem 0x3fff0470-0x3fff2794]
[    0.000000] ACPI: Reserving FACS table memory at [mem 0x3fff0200-0x3fff023f]
[    0.000000] ACPI: Reserving FACS table memory at [mem 0x3fff0200-0x3fff023f]
[    0.000000] ACPI: Reserving APIC table memory at [mem 0x3fff0240-0x3fff029b]
[    0.000000] ACPI: Reserving SSDT table memory at [mem 0x3fff02a0-0x3fff046b]
[    0.000000] No NUMA configuration found
[    0.000000] Faking a node at [mem 0x0000000000000000-0x000000003ffeffff]
[    0.000000] NODE_DATA(0) allocated [mem 0x3ffc5000-0x3ffeffff]
[    0.000000] kvm-clock: cpu 0, msr 0:3ff44001, primary cpu clock
[    0.000000] kvm-clock: Using msrs 4b564d01 and 4b564d00
[    0.000000] kvm-clock: using sched offset of 3666051671 cycles
[    0.000000] clocksource: kvm-clock: mask: 0xffffffffffffffff max_cycles: 0x1cd42e4dffb, max_idle_ns: 881590591483 ns
[    0.000000] Zone ranges:
[    0.000000]   DMA      [mem 0x0000000000001000-0x0000000000ffffff]
[    0.000000]   DMA32    [mem 0x0000000001000000-0x000000003ffeffff]
[    0.000000]   Normal   empty
[    0.000000]   Device   empty
[    0.000000] Movable zone start for each node
[    0.000000] Early memory node ranges
[    0.000000]   node   0: [mem 0x0000000000001000-0x000000000009efff]
[    0.000000]   node   0: [mem 0x0000000000100000-0x000000003ffeffff]
[    0.000000] Reserved but unavailable: 104 pages
[    0.000000] Initmem setup node 0 [mem 0x0000000000001000-0x000000003ffeffff]
[    0.000000] ACPI: PM-Timer IO Port: 0x4008
[    0.000000] IOAPIC[0]: apic_id 2, version 32, address 0xfec00000, GSI 0-23
[    0.000000] ACPI: INT_SRC_OVR (bus 0 bus_irq 0 global_irq 2 dfl dfl)
[    0.000000] ACPI: INT_SRC_OVR (bus 0 bus_irq 9 global_irq 9 low level)
[    0.000000] Using ACPI (MADT) for SMP configuration information
[    0.000000] smpboot: Allowing 2 CPUs, 0 hotplug CPUs
[    0.000000] PM: Registered nosave memory: [mem 0x00000000-0x00000fff]
[    0.000000] PM: Registered nosave memory: [mem 0x0009f000-0x0009ffff]
[    0.000000] PM: Registered nosave memory: [mem 0x000a0000-0x000effff]
[    0.000000] PM: Registered nosave memory: [mem 0x000f0000-0x000fffff]
[    0.000000] e820: [mem 0x40000000-0xfebfffff] available for PCI devices
[    0.000000] Booting paravirtualized kernel on KVM
[    0.000000] clocksource: refined-jiffies: mask: 0xffffffff max_cycles: 0xffffffff, max_idle_ns: 7645519600211568 ns
[    0.000000] setup_percpu: NR_CPUS:8192 nr_cpumask_bits:2 nr_cpu_ids:2 nr_node_ids:1
[    0.000000] percpu: Embedded 50 pages/cpu s167936 r8192 d28672 u1048576
[    0.000000] PV qspinlock hash table entries: 256 (order: 0, 4096 bytes)
[    0.000000] Built 1 zonelists, mobility grouping on.  Total pages: 257913
[    0.000000] Policy zone: DMA32
[    0.000000] Kernel command line: BOOT_IMAGE=/boot/vmlinuz-4.15.0-210-generic root=LABEL=cloudimg-rootfs ro console=tty1 console=ttyS0
[    0.000000] Memory: 982640K/1048120K available (12300K kernel code, 2477K rwdata, 4324K rodata, 2480K init, 2720K bss, 65480K reserved, 0K cma-reserved)
[    0.000000] SLUB: HWalign=64, Order=0-3, MinObjects=0, CPUs=2, Nodes=1
[    0.000000] Kernel/User page tables isolation: enabled
[    0.000000] ftrace: allocating 39506 entries in 155 pages
[    0.004000] Hierarchical RCU implementation.
[    0.004000] 	RCU restricting CPUs from NR_CPUS=8192 to nr_cpu_ids=2.
[    0.004000] 	Tasks RCU enabled.
[    0.004000] RCU: Adjusting geometry for rcu_fanout_leaf=16, nr_cpu_ids=2
[    0.004000] NR_IRQS: 524544, nr_irqs: 440, preallocated irqs: 16
[    0.004000] random: crng init done
[    0.004000] Console: colour VGA+ 80x25
[    0.004000] console [tty1] enabled
[    0.004000] console [ttyS0] enabled
[    0.004000] ACPI: Core revision 20170831
[    0.004000] ACPI: 2 ACPI AML tables successfully acquired and loaded
[    0.004000] APIC: Switch to symmetric I/O mode setup
[    0.004000] x2apic enabled
[    0.004000] Switched APIC routing to physical x2apic.
[    0.004000] ..TIMER: vector=0x30 apic1=0 pin1=2 apic2=-1 pin2=-1
[    0.004005] tsc: Detected 2592.002 MHz processor
[    0.008010] Calibrating delay loop (skipped) preset value.. 5184.00 BogoMIPS (lpj=10368008)
[    0.010196] pid_max: default: 32768 minimum: 301
[    0.012032] Security Framework initialized
[    0.013081] Yama: becoming mindful.
[    0.014000] AppArmor: AppArmor initialized
[    0.015427] Dentry cache hash table entries: 131072 (order: 8, 1048576 bytes)
[    0.016058] Inode-cache hash table entries: 65536 (order: 7, 524288 bytes)
[    0.017879] Mount-cache hash table entries: 2048 (order: 2, 16384 bytes)
[    0.020007] Mountpoint-cache hash table entries: 2048 (order: 2, 16384 bytes)
[    0.022079] Last level iTLB entries: 4KB 64, 2MB 8, 4MB 8
[    0.024002] Last level dTLB entries: 4KB 64, 2MB 0, 4MB 0, 1GB 4
[    0.025457] Spectre V1 : Mitigation: usercopy/swapgs barriers and __user pointer sanitization
[    0.027829] Spectre V2 : Mitigation: Retpolines
[    0.028003] Spectre V2 : Spectre v2 / SpectreRSB mitigation: Filling RSB on context switch
[    0.030042] Spectre V2 : Spectre v2 / SpectreRSB : Filling RSB on VMEXIT
[    0.032003] RETBleed: WARNING: Spectre v2 mitigation leaves CPU vulnerable to RETBleed attacks, data leaks possible!
[    0.035442] RETBleed: Vulnerable
[    0.036003] Speculative Store Bypass: Vulnerable
[    0.037414] MDS: Mitigation: Clear CPU buffers
[    0.040003] MMIO Stale Data: Mitigation: Clear CPU buffers
[    0.041504] SRBDS: Unknown: Dependent on hypervisor status
[    0.043438] Freeing SMP alternatives memory: 36K
[    0.155363] smpboot: CPU0: Intel(R) Core(TM) i7-9750H CPU @ 2.60GHz (family: 0x6, model: 0x9e, stepping: 0xa)
[    0.156000] Performance Events: unsupported p6 CPU model 158 no PMU driver, software events only.
[    0.156054] Hierarchical SRCU implementation.
[    0.158100] NMI watchdog: Perf event create on CPU 0 failed with -2
[    0.160002] NMI watchdog: Perf NMI watchdog permanently disabled
[    0.161546] smp: Bringing up secondary CPUs ...
[    0.162742] x86: Booting SMP configuration:
[    0.164003] .... node  #0, CPUs:      #1
[    0.004000] kvm-clock: cpu 1, msr 0:3ff44041, secondary cpu clock
[    0.168020] smp: Brought up 1 node, 2 CPUs
[    0.169213] smpboot: Max logical packages: 1
[    0.170424] smpboot: Total of 2 processors activated (10368.00 BogoMIPS)
[    0.172171] devtmpfs: initialized
[    0.172978] x86/mm: Memory block size: 128MB
[    0.174206] evm: security.selinux
[    0.176003] evm: security.SMACK64
[    0.176911] evm: security.SMACK64EXEC
[    0.177829] evm: security.SMACK64TRANSMUTE
[    0.178922] evm: security.SMACK64MMAP
[    0.180003] evm: security.apparmor
[    0.180926] evm: security.ima
[    0.181746] evm: security.capability
[    0.182659] clocksource: jiffies: mask: 0xffffffff max_cycles: 0xffffffff, max_idle_ns: 7645041785100000 ns
[    0.184014] futex hash table entries: 512 (order: 3, 32768 bytes)
[    0.185670] pinctrl core: initialized pinctrl subsystem
[    0.192065] RTC time: 19:26:45, date: 05/22/23
[    0.193358] NET: Registered protocol family 16
[    0.194555] audit: initializing netlink subsys (disabled)
[    0.195829] audit: type=2000 audit(1684783609.726:1): state=initialized audit_enabled=0 res=1
[    0.196011] cpuidle: using governor ladder
[    0.197109] cpuidle: using governor menu
[    0.198143] ACPI: bus type PCI registered
[    0.200004] acpiphp: ACPI Hot Plug PCI Controller Driver version: 0.5
[    0.201583] PCI: Using configuration type 1 for base access
[    0.205140] HugeTLB registered 2.00 MiB page size, pre-allocated 0 pages
[    0.208083] ACPI: Added _OSI(Module Device)
[    0.209266] ACPI: Added _OSI(Processor Device)
[    0.210396] ACPI: Added _OSI(3.0 _SCP Extensions)
[    0.211547] ACPI: Added _OSI(Processor Aggregator Device)
[    0.212004] ACPI: Added _OSI(Linux-Dell-Video)
[    0.213094] ACPI: Added _OSI(Linux-Lenovo-NV-HDMI-Audio)
[    0.214411] ACPI: Added _OSI(Linux-HPI-Hybrid-Graphics)
[    0.216335] ACPI: Executed 1 blocks of module-level executable AML code
[    0.222938] ACPI: Interpreter enabled
[    0.223871] ACPI: (supports S0 S5)
[    0.224003] ACPI: Using IOAPIC for interrupt routing
[    0.225501] PCI: Using host bridge windows from ACPI; if necessary, use "pci=nocrs" and report a bug
[    0.228199] ACPI: Enabled 2 GPEs in block 00 to 07
[    0.237524] ACPI: PCI Root Bridge [PCI0] (domain 0000 [bus 00-ff])
[    0.238894] acpi PNP0A03:00: _OSC: OS supports [ASPM ClockPM Segments MSI]
[    0.240763] acpi PNP0A03:00: _OSC: not requesting OS control; OS requires [ExtendedConfig ASPM ClockPM MSI]
[    0.243068] acpi PNP0A03:00: fail to add MMCONFIG information, can't access extended PCI configuration space under this bridge.
[    0.244482] PCI host bridge to bus 0000:00
[    0.248004] pci_bus 0000:00: root bus resource [io  0x0000-0x0cf7 window]
[    0.249572] pci_bus 0000:00: root bus resource [io  0x0d00-0xffff window]
[    0.252003] pci_bus 0000:00: root bus resource [mem 0x000a0000-0x000bffff window]
[    0.253943] pci_bus 0000:00: root bus resource [mem 0x40000000-0xfdffffff window]
[    0.256004] pci_bus 0000:00: root bus resource [bus 00-ff]
[    0.260188] pci 0000:00:01.1: legacy IDE quirk: reg 0x10: [io  0x01f0-0x01f7]
[    0.262030] pci 0000:00:01.1: legacy IDE quirk: reg 0x14: [io  0x03f6]
[    0.263510] pci 0000:00:01.1: legacy IDE quirk: reg 0x18: [io  0x0170-0x0177]
[    0.264003] pci 0000:00:01.1: legacy IDE quirk: reg 0x1c: [io  0x0376]
[    0.280196] pci 0000:00:07.0: quirk: [io  0x4000-0x403f] claimed by PIIX4 ACPI
[    0.281947] pci 0000:00:07.0: quirk: [io  0x4100-0x410f] claimed by PIIX4 SMB
[    0.295669] ACPI: PCI Interrupt Link [LNKA] (IRQs 5 9 10 *11)
[    0.296448] ACPI: PCI Interrupt Link [LNKB] (IRQs 5 9 *10 11)
[    0.297901] ACPI: PCI Interrupt Link [LNKC] (IRQs 5 *9 10 11)
[    0.300131] ACPI: PCI Interrupt Link [LNKD] (IRQs 5 9 10 *11)
[    0.302124] SCSI subsystem initialized
[    0.303129] pci 0000:00:02.0: vgaarb: setting as boot VGA device
[    0.303129] pci 0000:00:02.0: vgaarb: VGA device added: decodes=io+mem,owns=io+mem,locks=none
[    0.304010] pci 0000:00:02.0: vgaarb: bridge control possible
[    0.308003] vgaarb: loaded
[    0.308834] ACPI: bus type USB registered
[    0.309915] usbcore: registered new interface driver usbfs
[    0.312011] usbcore: registered new interface driver hub
[    0.313328] usbcore: registered new device driver usb
[    0.314846] EDAC MC: Ver: 3.0.0
[    0.316278] PCI: Using ACPI for IRQ routing
[    0.317535] NetLabel: Initializing
[    0.318375] NetLabel:  domain hash size = 128
[    0.320003] NetLabel:  protocols = UNLABELED CIPSOv4 CALIPSO
[    0.321537] NetLabel:  unlabeled traffic allowed by default
[    0.322987] clocksource: Switched to clocksource kvm-clock
[    0.337772] VFS: Disk quotas dquot_6.6.0
[    0.338801] VFS: Dquot-cache hash table entries: 512 (order 0, 4096 bytes)
[    0.340513] AppArmor: AppArmor Filesystem Enabled
[    0.341864] pnp: PnP ACPI init
[    0.343905] pnp: PnP ACPI: found 3 devices
[    0.355171] clocksource: acpi_pm: mask: 0xffffff max_cycles: 0xffffff, max_idle_ns: 2085701024 ns
[    0.357883] NET: Registered protocol family 2
[    0.359269] IP idents hash table entries: 16384 (order: 5, 131072 bytes)
[    0.366475] TCP established hash table entries: 8192 (order: 4, 65536 bytes)
[    0.368404] TCP bind hash table entries: 8192 (order: 5, 131072 bytes)
[    0.370277] TCP: Hash tables configured (established 8192 bind 8192)
[    0.372052] UDP hash table entries: 512 (order: 2, 16384 bytes)
[    0.373588] UDP-Lite hash table entries: 512 (order: 2, 16384 bytes)
[    0.375188] NET: Registered protocol family 1
[    0.376300] pci 0000:00:00.0: Limiting direct PCI/PCI transfers
[    0.377847] pci 0000:00:01.0: Activating ISA DMA hang workarounds
[    0.379350] pci 0000:00:02.0: Video device with shadowed ROM at [mem 0x000c0000-0x000dffff]
[    0.381695] Unpacking initramfs...
[    0.705904] Freeing initrd memory: 19532K
[    0.707537] clocksource: tsc: mask: 0xffffffffffffffff max_cycles: 0x255cb8d7d74, max_idle_ns: 440795265546 ns
[    0.710484] platform rtc_cmos: registered platform RTC device (no PNP device found)
[    0.712790] Scanning for low memory corruption every 60 seconds
[    0.715276] Initialise system trusted keyrings
[    0.716885] Key type blacklist registered
[    0.718298] workingset: timestamp_bits=36 max_order=18 bucket_order=0
[    0.721354] zbud: loaded
[    0.722862] squashfs: version 4.0 (2009/01/31) Phillip Lougher
[    0.725164] fuse init (API version 7.26)
[    0.729214] Key type asymmetric registered
[    0.730400] Asymmetric key parser 'x509' registered
[    0.731688] Block layer SCSI generic (bsg) driver version 0.4 loaded (major 246)
[    0.733663] io scheduler noop registered
[    0.734673] io scheduler deadline registered
[    0.735829] io scheduler cfq registered (default)
[    0.737409] ACPI: AC Adapter [AC] (on-line)
[    0.738546] input: Power Button as /devices/LNXSYSTM:00/LNXPWRBN:00/input/input0
[    0.740505] ACPI: Power Button [PWRF]
[    0.741624] input: Sleep Button as /devices/LNXSYSTM:00/LNXSLPBN:00/input/input1
[    0.743626] ACPI: Sleep Button [SLPF]
[    0.745983] ACPI: Battery Slot [BAT0] (battery present)
[    0.747533] Serial: 8250/16550 driver, 32 ports, IRQ sharing enabled
[    0.770316] 00:02: ttyS0 at I/O 0x3f8 (irq = 4, base_baud = 115200) is a 16550A
[    0.774879] Linux agpgart interface v0.103
[    0.780392] loop: module loaded
[    0.781833] scsi host0: ata_piix
[    0.782959] scsi host1: ata_piix
[    0.783800] ata1: PATA max UDMA/33 cmd 0x1f0 ctl 0x3f6 bmdma 0xd000 irq 14
[    0.785707] ata2: PATA max UDMA/33 cmd 0x170 ctl 0x376 bmdma 0xd008 irq 15
[    0.787605] tun: Universal TUN/TAP device driver, 1.6
[    0.789122] PPP generic driver version 2.4.2
[    0.790299] ehci_hcd: USB 2.0 'Enhanced' Host Controller (EHCI) Driver
[    0.792028] ehci-pci: EHCI PCI platform driver
[    0.793142] ehci-platform: EHCI generic platform driver
[    0.794445] ohci_hcd: USB 1.1 'Open' Host Controller (OHCI) Driver
[    0.795979] ohci-pci: OHCI PCI platform driver
[    0.797133] ohci-platform: OHCI generic platform driver
[    0.798466] uhci_hcd: USB Universal Host Controller Interface driver
[    0.800007] i8042: PNP: PS/2 Controller [PNP0303:PS2K,PNP0f03:PS2M] at 0x60,0x64 irq 1,12
[    0.802554] serio: i8042 KBD port at 0x60,0x64 irq 1
[    0.803886] serio: i8042 AUX port at 0x60,0x64 irq 12
[    0.805523] mousedev: PS/2 mouse device common for all mice
[    0.807713] rtc_cmos rtc_cmos: rtc core: registered rtc_cmos as rtc0
[    0.809427] input: AT Translated Set 2 keyboard as /devices/platform/i8042/serio0/input/input2
[    0.811416] rtc_cmos rtc_cmos: alarms up to one day, 114 bytes nvram
[    0.813505] i2c /dev entries driver
[    0.814548] device-mapper: uevent: version 1.0.3
[    0.815843] device-mapper: ioctl: 4.37.0-ioctl (2017-09-20) initialised: dm-devel@redhat.com
[    0.818044] ledtrig-cpu: registered to indicate activity on CPUs
[    0.819842] NET: Registered protocol family 10
[    0.824632] Segment Routing with IPv6
[    0.825644] NET: Registered protocol family 17
[    0.826920] Key type dns_resolver registered
[    0.828334] mce: Using 0 MCE banks
[    0.829187] RAS: Correctable Errors collector initialized.
[    0.830578] sched_clock: Marking stable (828313674, 0)->(1034610169, -206296495)
[    0.833184] registered taskstats version 1
[    0.834214] Loading compiled-in X.509 certificates
[    0.837706] Loaded X.509 cert 'Build time autogenerated kernel key: 53bf99db7da04c05fe17f7beec9ce15c83db2223'
[    0.840622] Loaded X.509 cert 'Canonical Ltd. Live Patch Signing: 14df34d1a87cf37625abec039ef2bf521249b969'
[    0.843711] Loaded X.509 cert 'Canonical Ltd. Kernel Module Signing: 88f752e560a1e0737e31163a466ad7b70a850c19'
[    0.846188] blacklist: Loading compiled-in revocation X.509 certificates
[    0.847704] Loaded X.509 cert 'Canonical Ltd. Secure Boot Signing: 61482aa2830d0ab2ad5af10b7250da9033ddcef0'
[    0.850141] Loaded X.509 cert 'Canonical Ltd. Secure Boot Signing (2017): 242ade75ac4a15e50d50c84b0d45ff3eae707a03'
[    0.852762] Loaded X.509 cert 'Canonical Ltd. Secure Boot Signing (ESM 2018): 365188c1d374d6b07c3c8f240f8ef722433d6a8b'
[    0.855454] Loaded X.509 cert 'Canonical Ltd. Secure Boot Signing (2019): c0746fd6c5da3ae827864651ad66ae47fe24b3e8'
[    0.858357] Loaded X.509 cert 'Canonical Ltd. Secure Boot Signing (2021 v1): a8d54bbb3825cfb94fa13c9f8a594a195c107b8d'
[    0.860969] Loaded X.509 cert 'Canonical Ltd. Secure Boot Signing (2021 v2): 4cf046892d6fd3c9a5b03f98d845f90851dc6a8c'
[    0.863656] Loaded X.509 cert 'Canonical Ltd. Secure Boot Signing (2021 v3): 100437bb6de6e469b581e61cd66bce3ef4ed53af'
[    0.866397] Loaded X.509 cert 'Canonical Ltd. Secure Boot Signing (Ubuntu Core 2019): c1d57b8f6b743f23ee41f4f7ee292f06eecadfb9'
[    0.869255] zswap: loaded using pool lzo/zbud
[    0.873384] Key type big_key registered
[    0.874407] Key type trusted registered
[    0.877268] Key type encrypted registered
[    0.878233] AppArmor: AppArmor sha1 policy hashing enabled
[    0.879553] ima: No TPM chip found, activating TPM-bypass! (rc=-19)
[    0.881347] ima: Allocated hash algorithm: sha1
[    0.882588] evm: HMAC attrs: 0x1
[    0.883772]   Magic number: 7:39:446
[    0.884831] rtc_cmos rtc_cmos: setting system clock to 2023-05-22 19:26:45 UTC (1684783605)
[    0.887116] BIOS EDD facility v0.16 2004-Jun-25, 0 devices found
[    0.888777] EDD information not available.
[    0.970587] Freeing unused kernel image memory: 2480K
[    0.984821] Write protecting the kernel read-only data: 20480k
[    0.986688] Freeing unused kernel image memory: 2008K
[    0.988367] Freeing unused kernel image memory: 1820K
[    0.999561] x86/mm: Checked W+X mappings: passed, no W+X pages found.
[    1.000928] x86/mm: Checking user space page tables
[    1.010826] x86/mm: Checked W+X mappings: passed, no W+X pages found.
Loading, please wait...
starting version 237
[    1.091507] e1000: Intel(R) PRO/1000 Network Driver - version 7.3.21-k8-NAPI
[    1.093366] e1000: Copyright (c) 1999-2006 Intel Corporation.
[    1.097824] Fusion MPT base driver 3.04.20
[    1.098970] Copyright (c) 1999-2008 LSI Corporation
[    1.126026] AVX2 version of gcm_enc/dec engaged.
[    1.127481] AES CTR mode by8 optimization enabled
[    1.136846] Fusion MPT SPI Host driver 3.04.20
[    1.311171] input: ImExPS/2 Generic Explorer Mouse as /devices/platform/i8042/serio1/input/input4
[    1.500724] e1000 0000:00:03.0 eth0: (PCI:33MHz:32-bit) 02:3e:6f:b6:28:d7
[    1.502189] e1000 0000:00:03.0 eth0: Intel(R) PRO/1000 Network Connection
[    1.917912] e1000 0000:00:08.0 eth1: (PCI:33MHz:32-bit) 08:00:27:19:4e:bb
[    1.919552] e1000 0000:00:08.0 eth1: Intel(R) PRO/1000 Network Connection
[    1.923167] mptbase: ioc0: Initiating bringup
[    2.797626] ioc0: LSI53C1030 A0: Capabilities={Initiator}
[    5.138132] scsi host2: ioc0: LSI53C1030 A0, FwRev=00000000h, Ports=1, MaxQ=256, IRQ=20
[    8.170073] scsi 2:0:0:0: Direct-Access     VBOX     HARDDISK         1.0  PQ: 0 ANSI: 5
[    8.208032] scsi target2:0:0: Beginning Domain Validation
[    8.211978] scsi target2:0:0: Domain Validation skipping write tests
[    8.213627] scsi target2:0:0: Ending Domain Validation
[    8.214963] scsi target2:0:0: asynchronous
[    8.216962] scsi 2:0:1:0: Direct-Access     VBOX     HARDDISK         1.0  PQ: 0 ANSI: 5
[    8.525164] scsi target2:0:1: Beginning Domain Validation
[    8.528865] scsi target2:0:1: Domain Validation skipping write tests
[    8.530199] scsi target2:0:1: Ending Domain Validation
[    8.531494] scsi target2:0:1: asynchronous
[    8.536748] sd 2:0:0:0: Attached scsi generic sg0 type 0
[    8.538352] sd 2:0:0:0: [sda] 83886080 512-byte logical blocks: (42.9 GB/40.0 GiB)
[    8.538378] sd 2:0:1:0: Attached scsi generic sg1 type 0
[    8.548013] sd 2:0:0:0: [sda] Write Protect is off
[    8.552989] sd 2:0:1:0: [sdb] 20480 512-byte logical blocks: (10.5 MB/10.0 MiB)
[    8.561710] sd 2:0:0:0: [sda] Incomplete mode parameter data
[    8.567143] sd 2:0:0:0: [sda] Assuming drive cache: write through
[    8.572450] sd 2:0:1:0: [sdb] Write Protect is off
[    8.574665] sd 2:0:1:0: [sdb] Incomplete mode parameter data
[    8.575322] e1000 0000:00:09.0 eth2: (PCI:33MHz:32-bit) 08:00:27:34:95:ad
[    8.576802] sd 2:0:1:0: [sdb] Assuming drive cache: write through
[    8.579156] e1000 0000:00:09.0 eth2: Intel(R) PRO/1000 Network Connection
[    8.590372]  sda: sda1
[    8.593655] sd 2:0:0:0: [sda] Attached SCSI disk
[    8.596104] sd 2:0:1:0: [sdb] Attached SCSI disk
[    8.599847] e1000 0000:00:03.0 enp0s3: renamed from eth0
[    8.616488] e1000 0000:00:08.0 enp0s8: renamed from eth1
[    8.652562] e1000 0000:00:09.0 enp0s9: renamed from eth2
Begin: Loading essential drivers ... [   10.636111] raid6: sse2x1   gen() 11711 MB/s
[   10.684127] raid6: sse2x1   xor()  8741 MB/s
[   10.732142] raid6: sse2x2   gen() 15014 MB/s
[   10.780115] raid6: sse2x2   xor() 10519 MB/s
[   10.828106] raid6: sse2x4   gen() 17593 MB/s
[   10.876095] raid6: sse2x4   xor() 10879 MB/s
[   10.924114] raid6: avx2x1   gen() 22537 MB/s
[   10.972143] raid6: avx2x1   xor() 16229 MB/s
[   11.020139] raid6: avx2x2   gen() 26684 MB/s
[   11.068106] raid6: avx2x2   xor() 17801 MB/s
[   11.116108] raid6: avx2x4   gen() 32014 MB/s
[   11.164114] raid6: avx2x4   xor() 17948 MB/s
[   11.165721] raid6: using algorithm avx2x4 gen() 32014 MB/s
[   11.167156] raid6: .... xor() 17948 MB/s, rmw enabled
[   11.168377] raid6: using avx2x2 recovery algorithm
[   11.170658] xor: automatically using best checksumming function   avx       
[   11.173585] async_tx: api initialized (async)
done.
Begin: Running /scripts/init-premount ... done.
Begin: Mounting root file system ... Begin: Running /scripts/local-top ... done.
Begin: Running /scripts/local-premount ... [   11.229458] Btrfs loaded, crc32c=crc32c-intel
Scanning for Btrfs filesystems
done.
Warning: fsck not present, so skipping root file system
[   11.262834] EXT4-fs (sda1): mounted filesystem with ordered data mode. Opts: (null)
done.
Begin: Running /scripts/local-bottom ... done.
Begin: Running /scripts/init-bottom ... done.
[   11.420392] ip_tables: (C) 2000-2006 Netfilter Core Team
[   11.429072] systemd[1]: systemd 237 running in system mode. (+PAM +AUDIT +SELINUX +IMA +APPARMOR +SMACK +SYSVINIT +UTMP +LIBCRYPTSETUP +GCRYPT +GNUTLS +ACL +XZ +LZ4 +SECCOMP +BLKID +ELFUTILS +KMOD -IDN2 +IDN -PCRE2 default-hierarchy=hybrid)
[   11.433557] systemd[1]: Detected virtualization oracle.
[   11.434678] systemd[1]: Detected architecture x86-64.

Welcome to [1mUbuntu 18.04.6 LTS[0m!

[   11.453479] systemd[1]: Set hostname to <ubuntu>.
[   11.456513] systemd[1]: Initializing machine ID from random generator.
[   11.458150] systemd[1]: Installed transient /etc/machine-id file.
[   11.885784] systemd[1]: Created slice User and Session Slice.
[[0;32m  OK  [0m] Created slice User and Session Slice.
[   11.888449] systemd[1]: Created slice System Slice.
[[0;32m  OK  [0m] Created slice System Slice.
[   11.890402] systemd[1]: Listening on fsck to fsckd communication Socket.
[[0;32m  OK  [0m] Listening on fsck to fsckd communication Socket.
[   11.893245] systemd[1]: Listening on Journal Socket.
[[0;32m  OK  [0m] Listening on Journal Socket.
         Starting File System Check on Root Device...
[[0;32m  OK  [0m] Listening on Syslog Socket.
         Starting Set the console keyboard layout...
         Mounting Huge Pages File System...
[[0;32m  OK  [0m] Listening on udev Kernel Socket.
[[0;32m  OK  [0m] Listening on Journal Socket (/dev/log).
[[0;32m  OK  [0m] Listening on LVM2 poll daemon socket.
         Starting Uncomplicated firewall...
[[0;32m  OK  [0m] Reached target System Time Synchronized.
[[0;32m  OK  [0m] Started Forward Password Requests to Wall Directory Watch.
[[0;32m  OK  [0m] Reached target User and Group Name Lookups.
[[0;32m  OK  [0m] Set up automount Arbitrary Executab…rmats File System Automount Point.
         Starting Create list of required st…ce nodes for the current kernel...
[[0;32m  OK  [0m] Reached target Slices.
[[0;32m  OK  [0m] Created slice system-serial\x2dgetty.slice.
[[0;32m  OK  [0m] Listening on Network Service Netlink Socket.
[[0;32m  OK  [0m] Reached target Mounting snaps.
[[0;32m  OK  [0m] Reached target Mounted snaps.
         Starting Load Kernel Modules...
[[0;32m  OK  [0m] Listening on Journal Audit Socket.
         Starting Journal Service...
[   11.968119] Loading iSCSI transport class v2.0-870.
[   11.975215] iscsi: registered transport (tcp)
         Mounting POSIX Message Queue File System...
         Mounting Kernel Debug File System...
[[0;32m  OK  [0m] Reached target Swap.
[[0;32m  OK  [0m] Listening on LVM2 metadata daemon socket.
[   11.994923] iscsi: registered transport (iser)
[[0;32m  OK  [0m] Listening on /dev/initctl Compatibility Named Pipe.
[[0;32m  OK  [0m] Listening on Device-mapper event daemon FIFOs.
         Starting Monitoring of LVM2 mirrors…ng dmeventd or progress polling...
[[0;32m  OK  [0m] Listening on udev Control Socket.
         Starting udev Coldplug all Devices...
[[0;32m  OK  [0m] Started File System Check on Root Device.
[[0;32m  OK  [0m] Mounted Huge Pages File System.
[[0;32m  OK  [0m] Started Uncomplicated firewall.
[[0;32m  OK  [0m] Started Create list of required sta…vice nodes for the current kernel.
[[0;32m  OK  [0m] Started Load Kernel Modules.
[[0;32m  OK  [0m] Mounted POSIX Message Queue File System.
[[0;32m  OK  [0m] Started Journal Service.
[[0;32m  OK  [0m] Mounted Kernel Debug File System.
[[0;32m  OK  [0m] Started LVM2 metadata daemon.
[[0;32m  OK  [0m] Started File System Check Daemon to report status.
         Mounting FUSE Control File System...
         Mounting Kernel Configuration File System...
         Starting Apply Kernel Variables...
         Starting Create Static Device Nodes in /dev...
         Starting Remount Root and Kernel File Systems...
[[0;32m  OK  [0m] Started Monitoring of LVM2 mirrors,…sing dmeventd or progress polling.
[[0;32m  OK  [0m] Mounted FUSE Control File System.
[[0;32m  OK  [0m] Mounted Kernel Configuration File System.
[[0;32m  OK  [0m] Started Create Static Device Nodes in /dev.
[[0;32m  OK  [0m] Started Apply Kernel Variables.
[[0;32m  OK  [0m] Started Remount Root and Kernel File Systems.
         Starting udev Kernel Device Manager...
         Starting Load/Save Random Seed...
         Starting Flush Journal to Persistent Storage...
[[0;32m  OK  [0m] Started Set the console keyboard layout.
[[0;32m  OK  [0m] Started Load/Save Random Seed.
[[0;32m  OK  [0m] Reached target Local File Systems (Pre).
[[0;32m  OK  [0m] Reached target Local File Systems.
         Starting Commit a transient machine-id on disk...
         Starting Set console font and keymap...
         Starting Tell Plymouth To Write Out Runtime Data...
         Starting AppArmor initialization...
         Starting ebtables ruleset management...
[[0;32m  OK  [0m] Started udev Coldplug all Devices.
[[0;32m  OK  [0m] Started Set console font and keymap.
[[0;32m  OK  [0m] Started Tell Plymouth To Write Out Runtime Data.
[[0;32m  OK  [0m] Started udev Kernel Device Manager.
[[0;32m  OK  [0m] Started Dispatch Password Requests to Console Directory Watch.
[[0;32m  OK  [0m] Reached target Local Encrypted Volumes.
[[0;32m  OK  [0m] Started Commit a transient machine-id on disk.
[[0;32m  OK  [0m] Started Flush Journal to Persistent Storage.
         Starting Create Volatile Files and Directories...
[[0;32m  OK  [0m] Started ebtables ruleset management.
[[0;32m  OK  [0m] Started Create Volatile Files and Directories.
         Starting Update UTMP about System Boot/Shutdown...
[[0;32m  OK  [0m] Started Update UTMP about System Boot/Shutdown.
[[0;32m  OK  [0m] Found device /dev/ttyS0.
[[0;32m  OK  [0m] Listening on Load/Save RF Kill Switch Status /dev/rfkill Watch.
         Mounting Arbitrary Executable File Formats File System...
[[0;32m  OK  [0m] Mounted Arbitrary Executable File Formats File System.
[[0;32m  OK  [0m] Started AppArmor initialization.
         Starting Load AppArmor profiles managed internally by snapd...
         Starting Initial cloud-init job (pre-networking)...
[[0;32m  OK  [0m] Started Load AppArmor profiles managed internally by snapd.
[   15.534600] cloud-init[575]: Cloud-init v. 23.1.2-0ubuntu0~18.04.1 running 'init-local' at Mon, 22 May 2023 19:26:59 +0000. Up 15.11 seconds.
[[0;32m  OK  [0m] Started Initial cloud-init job (pre-networking).
[[0;32m  OK  [0m] Reached target Network (Pre).
         Starting Network Service...
[[0;32m  OK  [0m] Started Network Service.
         Starting Network Name Resolution...
         Starting Wait for Network to be Configured...
[[0;32m  OK  [0m] Started Network Name Resolution.
[[0;32m  OK  [0m] Reached target Host and Network Name Lookups.
[[0;32m  OK  [0m] Reached target Network.
[[0;32m  OK  [0m] Started Wait for Network to be Configured.
         Starting Initial cloud-init job (metadata service crawler)...
[   18.010004] cloud-init[689]: Cloud-init v. 23.1.2-0ubuntu0~18.04.1 running 'init' at Mon, 22 May 2023 19:27:02 +0000. Up 17.78 seconds.
[   18.011425] cloud-init[689]: ci-info: ++++++++++++++++++++++++++++++++++++++Net device info+++++++++++++++++++++++++++++++++++++++
[   18.012510] cloud-init[689]: ci-info: +--------+-------+----------------------------+---------------+--------+-------------------+
[   18.024213] cloud-init[689]: ci-info: | Device |   Up  |          Address           |      Mask     | Scope  |     Hw-Address    |
[   18.025484] cloud-init[689]: ci-info: +--------+-------+----------------------------+---------------+--------+-------------------+
[   18.036197] cloud-init[689]: ci-info: | enp0s3 |  True |         10.0.2.15          | 255.255.255.0 | global | 02:3e:6f:b6:28:d7 |
[   18.037037] cloud-init[689]: ci-info: | enp0s3 |  True | fe80::3e:6fff:feb6:28d7/64 |       .       |  link  | 02:3e:6f:b6:28:d7 |
[   18.038484] cloud-init[689]: ci-info: | enp0s8 | False |             .              |       .       |   .    | 08:00:27:19:4e:bb |
[   18.040252] cloud-init[689]: ci-info: | enp0s9 | False |             .              |       .       |   .    | 08:00:27:34:95:ad |
[   18.041847] cloud-init[689]: ci-info: |   lo   |  True |         127.0.0.1          |   255.0.0.0   |  host  |         .         |
[   18.043574] cloud-init[689]: ci-info: |   lo   |  True |          ::1/128           |       .       |  host  |         .         |
[   18.045110] cloud-init[689]: ci-info: +--------+-------+----------------------------+---------------+--------+-------------------+
[   18.046808] cloud-init[689]: ci-info: ++++++++++++++++++++++++++++Route IPv4 info+++++++++++++++++++++++++++++
[   18.056176] cloud-init[689]: ci-info: +-------+-------------+----------+-----------------+-----------+-------+
[   18.068288] cloud-init[689]: ci-info: | Route | Destination | Gateway  |     Genmask     | Interface | Flags |
[   18.080211] cloud-init[689]: ci-info: +-------+-------------+----------+-----------------+-----------+-------+
[   18.096194] cloud-init[689]: ci-info: |   0   |   0.0.0.0   | 10.0.2.2 |     0.0.0.0     |   enp0s3  |   UG  |
[   18.112257] cloud-init[689]: ci-info: |   1   |   10.0.2.0  | 0.0.0.0  |  255.255.255.0  |   enp0s3  |   U   |
[   18.128419] cloud-init[689]: ci-info: |   2   |   10.0.2.2  | 0.0.0.0  | 255.255.255.255 |   enp0s3  |   UH  |
[   18.140205] cloud-init[689]: ci-info: +-------+-------------+----------+-----------------+-----------+-------+
[   18.141159] cloud-init[689]: ci-info: +++++++++++++++++++Route IPv6 info+++++++++++++++++++
[   18.152291] cloud-init[689]: ci-info: +-------+-------------+---------+-----------+-------+
[   18.164212] cloud-init[689]: ci-info: | Route | Destination | Gateway | Interface | Flags |
[   18.164959] cloud-init[689]: ci-info: +-------+-------------+---------+-----------+-------+
[   18.176408] cloud-init[689]: ci-info: |   1   |  fe80::/64  |    ::   |   enp0s3  |   U   |
[   18.191076] cloud-init[689]: ci-info: |   3   |    local    |    ::   |   enp0s3  |   U   |
[   18.192726] cloud-init[689]: ci-info: |   4   |   ff00::/8  |    ::   |   enp0s3  |   U   |
[   18.194289] cloud-init[689]: ci-info: +-------+-------------+---------+-----------+-------+
[   18.759488] cloud-init[689]: Generating public/private rsa key pair.
[   18.772285] cloud-init[689]: Your identification has been saved in /etc/ssh/ssh_host_rsa_key.
[   18.773007] cloud-init[689]: Your public key has been saved in /etc/ssh/ssh_host_rsa_key.pub.
[   18.773631] cloud-init[689]: The key fingerprint is:
[   18.784275] cloud-init[689]: SHA256:01PBz/1oseI535xVs5VtF+umr8x8Zlk32wG+yyohqdw root@ubuntu-bionic
[   18.796232] cloud-init[689]: The key's randomart image is:
[   18.808215] cloud-init[689]: +---[RSA 2048]----+
[[   18.821187] cloud-init[689]: |           ..    |
[0;32m  OK  [0m] Started Initial cloud-init job (metadata service crawler).
[   18.821289] cloud-init[689]: |            ..   |
[[0;32m  OK  [0m] Reached target System Initialization.
[   18.832838] cloud-init[689]: |            .o o |
[[   18.857114] [0;32m  OK  [0mcloud-init] [689]: Listening on Open-iSCSI iscsid Socket.|         . . .+ *|

[   18.857211] cloud-init[689]: |        S o . .BB|
[[0;32m  OK  [0m] Started Daily apt download activities.
[[   18.872480] cloud-init[689]: |       o o ...=+X|
[0;32m  OK  [0m] Listening on D-Bus System Message Bus Socket.
[   18.873237] cloud-init[689]: |    . o . .. +.+X|
[[   18.874286] cloud-init[689]: |     o E .  O.oO+|
[   18.874380] cloud-init[689]: |          ...@Ooo|
[0;32m  OK  [0m] Started Daily Cleanup of Temporary Directories.
[   18.874802] cloud-init[689]: +----[SHA256]-----+
[   18.875006] cloud-init[689]: Generating public/private dsa key pair.
[[   18.877864] cloud-init[689]: Your identification has been saved in /etc/ssh/ssh_host_dsa_key.
[   18.877921] cloud-init[689]: Your public key has been saved in /etc/ssh/ssh_host_dsa_key.pub.
[   18.878489] cloud-init[689]: The key fingerprint is:
[   18.879089] cloud-init[689]: SHA256:XLwQ4uMGrWVSbxapuxWT+YM8xOpqru2f0lrQT7z9va0 root@ubuntu-bionic
[   18.879559] cloud-init[689]: The key's randomart image is:
[   18.880326] cloud-init[689]: +---[DSA 1024]----+
[   18.880911] cloud-init[689]: |      o o.       |
[   18.881506] cloud-init[689]: |     + o.+       |
[   18.882062] cloud-init[689]: |    o *o=oo      |
[   18.882606] cloud-init[689]: |     O.*Bo .     |
[   18.883187] cloud-init[689]: |    o +=S=.      |
[   18.883790] cloud-init[689]: |     ooo=oo      |
[   18.884093] cloud-init[689]: |     o.oo...     |
[   18.884640] cloud-init[689]: |   .o.+.   . . . |
[   18.885447] cloud-init[689]: |  .=*=o     . Eo.|
[   18.886001] cloud-init[689]: +----[SHA256]-----+
[   18.886562] cloud-init[689]: Generating public/private ecdsa key pair.
[0;32m  OK  [0m] Started Daily apt upgrade and clean activities.
[   18.886992] cloud-init[689]: Your identification has been saved in /etc/ssh/ssh_host_ecdsa_key.
[   18.892463] cloud-init[689]: Your public key has been saved in /etc/ssh/ssh_host_ecdsa_key.pub.
[   18.893791] cloud-init[689]: The key fingerprint is:
[   18.904611] cloud-init[689]: SHA256:au7P0u8ctGwDP3VeI09GpJhgwKpaRC4R2xo2wuGLDgs root@ubuntu-bionic
[   18.904696] cloud-init[689]: The key's randomart image is:
         Starting LXD - unix socket.
[   18.904755] cloud-init[689]: +---[ECDSA 256]---+
[[0;32m  OK  [0m] Started Message of the Day.
[   18.916366] cloud-init[689]: | o.   ...o     . |
[[   18.929040] [0;32m  OK  [0mcloud-init] [689]: Started Ubuntu Advantage Timer for running repeated jobs.|o.+.   .. . o o  |

[   18.929124] cloud-init[689]: |.B+.  .    o . . |
[   18.930342] cloud-init[689]: |+.=o .        .  |
[[   18.940786] cloud-init[689]: |Eoo .   S . ...+.|
[0;32m  OK  [0m[   18.940922] ] cloud-init[689]: |+. o   . = o o=..|
[   18.940979] cloud-init[689]: |..o   o.  O   .. |
[   18.941776] cloud-init[689]: | .   o...o +     |
[   18.942068] cloud-init[689]: |     .oooo+      |
[   18.943508] cloud-init[689]: +----[SHA256]-----+
[   18.944346] cloud-init[689]: Generating public/private ed25519 key pair.
[   18.945053] cloud-init[689]: Your identification has been saved in /etc/ssh/ssh_host_ed25519_key.
[   18.945801] cloud-init[689]: Your public key has been saved in /etc/ssh/ssh_host_ed25519_key.pub.
[   18.946189] cloud-init[689]: The key fingerprint is:
[   18.947142] cloud-init[689]: SHA256:GMVzMIDk1SsyhZu5HbphGENhFvRn707i+hvkFn3+hkI root@ubuntu-bionic
Started Discard unused blocks once a week.
[   18.947471] cloud-init[689]: The key's randomart image is:
[   18.952080] cloud-init[689]: +--[ED25519 256]--+
[   18.952334] cloud-init[689]: | .*+.oo++.       |
[[0;32m  OK  [0m] [   18.952456] cloud-init[689]: | o.oo...+..      |
[   18.956452] cloud-init[689]: | .  o=+  +       |
[   18.956841] cloud-init[689]: |  o *oo=.        |
[   18.957586] cloud-init[689]: |   + *+oS .      |
[   18.958294] cloud-init[689]: |  . =o.oEo       |
[   18.959309] cloud-init[689]: |   . o=.o ..     |
[   18.959890] cloud-init[689]: |    .o =. ...    |
[   18.960675] cloud-init[689]: |    .o+... ..    |
[   18.961527] cloud-init[689]: +----[SHA256]-----+
Reached target Timers.
[[0;32m  OK  [0m] Listening on UUID daemon activation socket.
[[0;32m  OK  [0m] Listening on ACPID Listen Socket.
[[0;32m  OK  [0m] Started ACPI Events Check.
[[0;32m  OK  [0m] Listening on cloud-init hotplug hook socket.
         Starting Socket activation for snappy daemon.
[[0;32m  OK  [0m] Reached target Paths.
[[0;32m  OK  [0m] Reached target Network is Online.
         Starting Availability of block devices...
[[0;32m  OK  [0m] Reached target Remote File Systems (Pre).
[[0;32m  OK  [0m] Reached target Remote File Systems.
[[0;32m  OK  [0m] Reached target Cloud-config availability.
[[0;32m  OK  [0m] Listening on LXD - unix socket.
[[0;32m  OK  [0m] Listening on Socket activation for snappy daemon.
[[0;32m  OK  [0m] Started Availability of block devices.
[[0;32m  OK  [0m] Reached target Sockets.
[[0;32m  OK  [0m] Reached target Basic System.
         Starting Permit User Sessions...
         Starting LSB: Record successful boot for GRUB...
         Starting Dispatcher daemon for systemd-networkd...
[[0;32m  OK  [0m] Reached target Login Prompts (Pre).
[[0;32m  OK  [0m] Started irqbalance daemon.
[[0;32m  OK  [0m] Started FUSE filesystem for LXC.
         Starting System Logging Service...
         Starting Pollinate to seed the pseudo random number generator...
[[0;32m  OK  [0m] Started D-Bus System Message Bus.
         Starting LSB: automatic crash report generation...
         Starting Virtualbox guest utils...
[[0;32m  OK  [0m] Started Deferred execution scheduler.
         Starting Login Service...
         Starting Accounts Service...
[[0;32m  OK  [0m] Started Regular background program processing daemon.
         Starting Snap Daemon...
         Starting LXD - container startup/shutdown...
[[0;32m  OK  [0m] Started System Logging Service.
[[0;32m  OK  [0m] Started Permit User Sessions.
[[0;32m  OK  [0m] Started Login Service.
         Starting Authorization Manager...
[[0;32m  OK  [0m] Started Unattended Upgrades Shutdown.
         Starting Terminate Plymouth Boot Screen...
         Starting Hold until boot process finishes up...
[[0;32m  OK  [0m] Started Terminate Plymouth Boot Screen.
[[0;32m  OK  [0m] Started Hold until boot process finishes up.
[[0;32m  OK  [0m] Started Serial Getty on ttyS0.
         Starting Set console scheme...
[[0;32m  OK  [0m] Started Set console scheme.
[[0;32m  OK  [0m] Created slice system-getty.slice.
[[0;32m  OK  [0m] Started Getty on tty1.
[[0;32m  OK  [0m] Reached target Login Prompts.
[[0;32m  OK  [0m] Started LXD - container startup/shutdown.
[[0;32m  OK  [0m] Started LSB: automatic crash report generation.
[[0;32m  OK  [0m] Started Dispatcher daemon for systemd-networkd.
[[0;32m  OK  [0m] Started Authorization Manager.
[[0;32m  OK  [0m] Started Accounts Service.
[[0;32m  OK  [0m] Started Virtualbox guest utils.
[[0;32m  OK  [0m] Started LSB: Record successful boot for GRUB.
[[0;32m  OK  [0m] Started Snap Daemon.
         Starting Wait until snapd is fully seeded...
         Starting Time & Date Service...
[[0;32m  OK  [0m] Started Time & Date Service.
[[0;32m  OK  [0m] Started Wait until snapd is fully seeded.
         Starting Apply the settings specified in cloud-config...
[[0;32m  OK  [0m] Started Pollinate to seed the pseudo random number generator.
         Starting OpenBSD Secure Shell server...
[[0;32m  OK  [0m] Started OpenBSD Secure Shell server.
[   23.222436] cloud-init[1156]: Cloud-init v. 23.1.2-0ubuntu0~18.04.1 running 'modules:config' at Mon, 22 May 2023 19:27:07 +0000. Up 22.60 seconds.
[[0;32m  OK  [0m] Started Apply the settings specified in cloud-config.
[[0;32m  OK  [0m] Reached target Multi-User System.
[[0;32m  OK  [0m] Reached target Graphical Interface.
         Starting Update UTMP about System Runlevel Changes...
         Starting Execute cloud user/final scripts...
[[0;32m  OK  [0m] Started Update UTMP about System Runlevel Changes.
[[0;32m  OK  [0m] Created slice User Slice of vagrant.
         Starting User Manager for UID 1000...
[[0;32m  OK  [0m] Started Session 1 of user vagrant.
[[0;32m  OK  [0m] Started User Manager for UID 1000.
ci-info: no authorized SSH keys fingerprints found for user ubuntu.
<14>May 22 19:27:08 cloud-init: #############################################################
<14>May 22 19:27:08 cloud-init: -----BEGIN SSH HOST KEY FINGERPRINTS-----
<14>May 22 19:27:08 cloud-init: 1024 SHA256:XLwQ4uMGrWVSbxapuxWT+YM8xOpqru2f0lrQT7z9va0 root@ubuntu-bionic (DSA)
<14>May 22 19:27:08 cloud-init: 256 SHA256:au7P0u8ctGwDP3VeI09GpJhgwKpaRC4R2xo2wuGLDgs root@ubuntu-bionic (ECDSA)
<14>May 22 19:27:08 cloud-init: 256 SHA256:GMVzMIDk1SsyhZu5HbphGENhFvRn707i+hvkFn3+hkI root@ubuntu-bionic (ED25519)
<14>May 22 19:27:08 cloud-init: 2048 SHA256:01PBz/1oseI535xVs5VtF+umr8x8Zlk32wG+yyohqdw root@ubuntu-bionic (RSA)
<14>May 22 19:27:08 cloud-init: -----END SSH HOST KEY FINGERPRINTS-----
<14>May 22 19:27:08 cloud-init: #############################################################
-----BEGIN SSH HOST KEY KEYS-----
ecdsa-sha2-nistp256 AAAAE2VjZHNhLXNoYTItbmlzdHAyNTYAAAAIbmlzdHAyNTYAAABBBI33/XSHRHvhsIITtP0t7UUcDKKy6LEcZhLWYjIQINJ/lUIQJAAYbnbLr37bMexo2cDRvKjcZz81ywpITyHxK5I= root@ubuntu-bionic
ssh-ed25519 AAAAC3NzaC1lZDI1NTE5AAAAIMU6IdwEG5srGvenaS7FIjMNItCxTbEwsImemzRBnb9S root@ubuntu-bionic
ssh-rsa AAAAB3NzaC1yc2EAAAADAQABAAABAQCrTldYs5OdW0hSIVXyqpfp+kwprxGIZzgpd9HCT+NqfrjJtfc6dGxPwioX0pDtRltMaH+qvbbIZsFOHMYO3+2IT/9YhPKBjK9ItFo9DyjeQYeLUxdG2rauTAYOL8LVNdklV9seUH76VnIneZ/+1HZ2atL+Gm/0RXJwgZxJLLMeggA3C1yH06GhlvphwzsF7P0zrkQQ77PuVzzL7yX/QqmCqjzSoFb9H+Po4AfpAsZBqv9Hx1m3YR6Rm22SnCRyrSN4oVsB19JPbnVuK7qePqIhUd9ksit9JYTpSwuNWnHf6MloinBtnDtp6Mz5P6xURa7uz9WXRc74w0Ds+gDWBkOz root@ubuntu-bionic
-----END SSH HOST KEY KEYS-----
[   24.334180] cloud-init[1240]: Cloud-init v. 23.1.2-0ubuntu0~18.04.1 running 'modules:final' at Mon, 22 May 2023 19:27:08 +0000. Up 24.02 seconds.
[   24.335439] cloud-init[1240]: Cloud-init v. 23.1.2-0ubuntu0~18.04.1 finished at Mon, 22 May 2023 19:27:08 +0000. Datasource DataSourceNoCloud [seed=/dev/sdb][dsmode=net].  Up 24.32 seconds
[[0;32m  OK  [0m] Started Execute cloud user/final scripts.
[[0;32m  OK  [0m] Reached target Cloud-init target.

Ubuntu 18.04.6 LTS ubuntu-bionic ttyS0

ubuntu-bionic login: 